{"/Users/sergi/Documents/UNIR/Q2_2025/Generacion_Codigo_Automatizacion_Desarrollo/Actividad 1/tradingApp/frontend/src/App.tsx": {"path":"/Users/sergi/Documents/UNIR/Q2_2025/Generacion_Codigo_Automatizacion_Desarrollo/Actividad 1/tradingApp/frontend/src/App.tsx","all":false,"statementMap":{"0":{"start":{"line":1,"column":0},"end":{"line":1,"column":74}},"1":{"start":{"line":2,"column":0},"end":{"line":2,"column":41}},"2":{"start":{"line":3,"column":0},"end":{"line":3,"column":47}},"3":{"start":{"line":4,"column":0},"end":{"line":4,"column":43}},"4":{"start":{"line":5,"column":0},"end":{"line":5,"column":41}},"6":{"start":{"line":7,"column":0},"end":{"line":7,"column":16}},"7":{"start":{"line":8,"column":0},"end":{"line":8,"column":10}},"8":{"start":{"line":9,"column":0},"end":{"line":9,"column":12}},"9":{"start":{"line":10,"column":0},"end":{"line":10,"column":16}},"10":{"start":{"line":11,"column":0},"end":{"line":11,"column":14}},"11":{"start":{"line":12,"column":0},"end":{"line":12,"column":50}},"12":{"start":{"line":13,"column":0},"end":{"line":13,"column":55}},"13":{"start":{"line":14,"column":0},"end":{"line":14,"column":53}},"14":{"start":{"line":15,"column":0},"end":{"line":15,"column":15}},"15":{"start":{"line":16,"column":0},"end":{"line":16,"column":13}},"17":{"start":{"line":18,"column":0},"end":{"line":18,"column":1}},"19":{"start":{"line":20,"column":0},"end":{"line":20,"column":19}}},"s":{"0":1,"1":1,"2":1,"3":1,"4":1,"6":3,"7":3,"8":3,"9":3,"10":3,"11":3,"12":3,"13":3,"14":3,"15":3,"17":3,"19":1},"branchMap":{"0":{"type":"branch","line":7,"loc":{"start":{"line":7,"column":0},"end":{"line":18,"column":1}},"locations":[{"start":{"line":7,"column":0},"end":{"line":18,"column":1}}]}},"b":{"0":[3]},"fnMap":{"0":{"name":"App","decl":{"start":{"line":7,"column":0},"end":{"line":18,"column":1}},"loc":{"start":{"line":7,"column":0},"end":{"line":18,"column":1}},"line":7}},"f":{"0":3}}
,"/Users/sergi/Documents/UNIR/Q2_2025/Generacion_Codigo_Automatizacion_Desarrollo/Actividad 1/tradingApp/frontend/src/components/Client.tsx": {"path":"/Users/sergi/Documents/UNIR/Q2_2025/Generacion_Codigo_Automatizacion_Desarrollo/Actividad 1/tradingApp/frontend/src/components/Client.tsx","all":false,"statementMap":{"0":{"start":{"line":1,"column":0},"end":{"line":1,"column":44}},"1":{"start":{"line":2,"column":0},"end":{"line":2,"column":63}},"9":{"start":{"line":10,"column":0},"end":{"line":10,"column":22}},"10":{"start":{"line":11,"column":0},"end":{"line":11,"column":72}},"11":{"start":{"line":12,"column":0},"end":{"line":12,"column":54}},"12":{"start":{"line":13,"column":0},"end":{"line":13,"column":56}},"14":{"start":{"line":15,"column":0},"end":{"line":15,"column":72}},"15":{"start":{"line":16,"column":0},"end":{"line":16,"column":25}},"16":{"start":{"line":17,"column":0},"end":{"line":17,"column":33}},"17":{"start":{"line":18,"column":0},"end":{"line":18,"column":5}},"18":{"start":{"line":19,"column":0},"end":{"line":19,"column":4}},"20":{"start":{"line":21,"column":0},"end":{"line":21,"column":56}},"22":{"start":{"line":23,"column":0},"end":{"line":23,"column":19}},"23":{"start":{"line":24,"column":0},"end":{"line":24,"column":57}},"24":{"start":{"line":25,"column":0},"end":{"line":25,"column":30}},"25":{"start":{"line":26,"column":0},"end":{"line":26,"column":26}},"26":{"start":{"line":27,"column":0},"end":{"line":27,"column":28}},"27":{"start":{"line":28,"column":0},"end":{"line":28,"column":17}},"29":{"start":{"line":30,"column":0},"end":{"line":30,"column":36}},"30":{"start":{"line":31,"column":0},"end":{"line":31,"column":15}},"31":{"start":{"line":32,"column":0},"end":{"line":32,"column":27}},"32":{"start":{"line":33,"column":0},"end":{"line":33,"column":38}},"33":{"start":{"line":34,"column":0},"end":{"line":34,"column":36}},"34":{"start":{"line":35,"column":0},"end":{"line":35,"column":11}},"35":{"start":{"line":36,"column":0},"end":{"line":36,"column":74}},"36":{"start":{"line":37,"column":0},"end":{"line":37,"column":25}},"37":{"start":{"line":38,"column":0},"end":{"line":38,"column":25}},"38":{"start":{"line":39,"column":0},"end":{"line":39,"column":11}},"39":{"start":{"line":40,"column":0},"end":{"line":40,"column":46}},"40":{"start":{"line":41,"column":0},"end":{"line":41,"column":26}},"41":{"start":{"line":42,"column":0},"end":{"line":42,"column":25}},"42":{"start":{"line":43,"column":0},"end":{"line":43,"column":59}},"43":{"start":{"line":44,"column":0},"end":{"line":44,"column":27}},"44":{"start":{"line":45,"column":0},"end":{"line":45,"column":39}},"45":{"start":{"line":46,"column":0},"end":{"line":46,"column":60}},"46":{"start":{"line":47,"column":0},"end":{"line":47,"column":11}},"47":{"start":{"line":48,"column":0},"end":{"line":48,"column":24}},"48":{"start":{"line":49,"column":0},"end":{"line":49,"column":16}},"49":{"start":{"line":50,"column":0},"end":{"line":50,"column":71}},"50":{"start":{"line":51,"column":0},"end":{"line":51,"column":9}},"51":{"start":{"line":52,"column":0},"end":{"line":52,"column":23}},"52":{"start":{"line":53,"column":0},"end":{"line":53,"column":29}},"53":{"start":{"line":54,"column":0},"end":{"line":54,"column":39}},"54":{"start":{"line":55,"column":0},"end":{"line":55,"column":17}},"55":{"start":{"line":56,"column":0},"end":{"line":56,"column":30}},"56":{"start":{"line":57,"column":0},"end":{"line":57,"column":7}},"57":{"start":{"line":58,"column":0},"end":{"line":58,"column":5}},"58":{"start":{"line":59,"column":0},"end":{"line":59,"column":4}},"60":{"start":{"line":61,"column":0},"end":{"line":61,"column":10}},"61":{"start":{"line":62,"column":0},"end":{"line":62,"column":45}},"62":{"start":{"line":63,"column":0},"end":{"line":63,"column":67}},"64":{"start":{"line":65,"column":0},"end":{"line":65,"column":30}},"65":{"start":{"line":66,"column":0},"end":{"line":66,"column":87}},"66":{"start":{"line":67,"column":0},"end":{"line":67,"column":101}},"67":{"start":{"line":68,"column":0},"end":{"line":68,"column":14}},"69":{"start":{"line":70,"column":0},"end":{"line":70,"column":63}},"71":{"start":{"line":72,"column":0},"end":{"line":72,"column":84}},"72":{"start":{"line":73,"column":0},"end":{"line":73,"column":83}},"73":{"start":{"line":74,"column":0},"end":{"line":74,"column":27}},"74":{"start":{"line":75,"column":0},"end":{"line":75,"column":41}},"75":{"start":{"line":76,"column":0},"end":{"line":76,"column":21}},"76":{"start":{"line":77,"column":0},"end":{"line":77,"column":101}},"77":{"start":{"line":78,"column":0},"end":{"line":78,"column":112}},"78":{"start":{"line":79,"column":0},"end":{"line":79,"column":37}},"79":{"start":{"line":80,"column":0},"end":{"line":80,"column":22}},"80":{"start":{"line":81,"column":0},"end":{"line":81,"column":22}},"81":{"start":{"line":82,"column":0},"end":{"line":82,"column":21}},"82":{"start":{"line":83,"column":0},"end":{"line":83,"column":105}},"83":{"start":{"line":84,"column":0},"end":{"line":84,"column":112}},"84":{"start":{"line":85,"column":0},"end":{"line":85,"column":38}},"85":{"start":{"line":86,"column":0},"end":{"line":86,"column":22}},"86":{"start":{"line":87,"column":0},"end":{"line":87,"column":22}},"87":{"start":{"line":88,"column":0},"end":{"line":88,"column":21}},"88":{"start":{"line":89,"column":0},"end":{"line":89,"column":105}},"89":{"start":{"line":90,"column":0},"end":{"line":90,"column":112}},"90":{"start":{"line":91,"column":0},"end":{"line":91,"column":81}},"91":{"start":{"line":92,"column":0},"end":{"line":92,"column":38}},"92":{"start":{"line":93,"column":0},"end":{"line":93,"column":36}},"93":{"start":{"line":94,"column":0},"end":{"line":94,"column":37}},"94":{"start":{"line":95,"column":0},"end":{"line":95,"column":23}},"95":{"start":{"line":96,"column":0},"end":{"line":96,"column":22}},"96":{"start":{"line":97,"column":0},"end":{"line":97,"column":22}},"97":{"start":{"line":98,"column":0},"end":{"line":98,"column":20}},"99":{"start":{"line":100,"column":0},"end":{"line":100,"column":49}},"100":{"start":{"line":101,"column":0},"end":{"line":101,"column":113}},"101":{"start":{"line":102,"column":0},"end":{"line":102,"column":72}},"102":{"start":{"line":103,"column":0},"end":{"line":103,"column":22}},"103":{"start":{"line":104,"column":0},"end":{"line":104,"column":97}},"104":{"start":{"line":105,"column":0},"end":{"line":105,"column":115}},"105":{"start":{"line":106,"column":0},"end":{"line":106,"column":20}},"107":{"start":{"line":108,"column":0},"end":{"line":108,"column":16}},"110":{"start":{"line":111,"column":0},"end":{"line":111,"column":84}},"111":{"start":{"line":112,"column":0},"end":{"line":112,"column":81}},"112":{"start":{"line":113,"column":0},"end":{"line":113,"column":39}},"113":{"start":{"line":114,"column":0},"end":{"line":114,"column":19}},"114":{"start":{"line":115,"column":0},"end":{"line":115,"column":82}},"116":{"start":{"line":117,"column":0},"end":{"line":117,"column":24}},"117":{"start":{"line":118,"column":0},"end":{"line":118,"column":177}},"118":{"start":{"line":119,"column":0},"end":{"line":119,"column":24}},"119":{"start":{"line":120,"column":0},"end":{"line":120,"column":36}},"120":{"start":{"line":121,"column":0},"end":{"line":121,"column":31}},"121":{"start":{"line":122,"column":0},"end":{"line":122,"column":87}},"122":{"start":{"line":123,"column":0},"end":{"line":123,"column":47}},"123":{"start":{"line":124,"column":0},"end":{"line":124,"column":54}},"124":{"start":{"line":125,"column":0},"end":{"line":125,"column":42}},"125":{"start":{"line":126,"column":0},"end":{"line":126,"column":20}},"126":{"start":{"line":127,"column":0},"end":{"line":127,"column":47}},"127":{"start":{"line":128,"column":0},"end":{"line":128,"column":25}},"128":{"start":{"line":129,"column":0},"end":{"line":129,"column":80}},"129":{"start":{"line":130,"column":0},"end":{"line":130,"column":62}},"130":{"start":{"line":131,"column":0},"end":{"line":131,"column":26}},"131":{"start":{"line":132,"column":0},"end":{"line":132,"column":87}},"132":{"start":{"line":133,"column":0},"end":{"line":133,"column":26}},"133":{"start":{"line":134,"column":0},"end":{"line":134,"column":24}},"134":{"start":{"line":135,"column":0},"end":{"line":135,"column":22}},"135":{"start":{"line":136,"column":0},"end":{"line":136,"column":20}},"137":{"start":{"line":138,"column":0},"end":{"line":138,"column":21}},"138":{"start":{"line":139,"column":0},"end":{"line":139,"column":38}},"139":{"start":{"line":140,"column":0},"end":{"line":140,"column":47}},"140":{"start":{"line":141,"column":0},"end":{"line":141,"column":202}},"142":{"start":{"line":143,"column":0},"end":{"line":143,"column":32}},"143":{"start":{"line":144,"column":0},"end":{"line":144,"column":69}},"144":{"start":{"line":145,"column":0},"end":{"line":145,"column":77}},"146":{"start":{"line":147,"column":0},"end":{"line":147,"column":25}},"148":{"start":{"line":149,"column":0},"end":{"line":149,"column":36}},"150":{"start":{"line":151,"column":0},"end":{"line":151,"column":23}},"152":{"start":{"line":153,"column":0},"end":{"line":153,"column":24}},"153":{"start":{"line":154,"column":0},"end":{"line":154,"column":84}},"154":{"start":{"line":155,"column":0},"end":{"line":155,"column":92}},"155":{"start":{"line":156,"column":0},"end":{"line":156,"column":22}},"157":{"start":{"line":158,"column":0},"end":{"line":158,"column":18}},"158":{"start":{"line":159,"column":0},"end":{"line":159,"column":16}},"159":{"start":{"line":160,"column":0},"end":{"line":160,"column":14}},"160":{"start":{"line":161,"column":0},"end":{"line":161,"column":12}},"161":{"start":{"line":162,"column":0},"end":{"line":162,"column":10}},"163":{"start":{"line":164,"column":0},"end":{"line":164,"column":2}},"165":{"start":{"line":166,"column":0},"end":{"line":166,"column":22}}},"s":{"0":1,"1":1,"9":1,"10":18,"11":18,"12":18,"14":18,"15":2,"16":2,"17":2,"18":2,"20":18,"22":18,"23":9,"24":9,"25":9,"26":9,"27":18,"29":18,"30":2,"31":2,"32":2,"33":2,"34":2,"35":2,"36":2,"37":2,"38":2,"39":2,"40":2,"41":1,"42":1,"43":1,"44":1,"45":1,"46":1,"47":1,"48":1,"49":1,"50":1,"51":2,"52":0,"53":0,"54":2,"55":2,"56":2,"57":2,"58":2,"60":18,"61":18,"62":18,"64":18,"65":18,"66":18,"67":18,"69":18,"71":18,"72":18,"73":18,"74":1,"75":1,"76":1,"77":1,"78":1,"79":1,"80":1,"81":1,"82":1,"83":1,"84":1,"85":1,"86":1,"87":1,"88":1,"89":1,"90":1,"91":1,"92":1,"93":1,"94":1,"95":1,"96":1,"97":1,"99":17,"100":17,"101":17,"102":17,"103":17,"104":17,"105":17,"107":18,"110":18,"111":18,"112":18,"113":18,"114":18,"116":18,"117":18,"118":18,"119":18,"120":18,"121":18,"122":18,"123":18,"124":18,"125":18,"126":18,"127":18,"128":18,"129":18,"130":18,"131":18,"132":18,"133":18,"134":18,"135":18,"137":18,"138":18,"139":18,"140":18,"142":18,"143":2,"144":2,"146":2,"148":16,"150":18,"152":18,"153":7,"154":7,"155":7,"157":18,"158":18,"159":18,"160":18,"161":18,"163":18,"165":1},"branchMap":{"0":{"type":"branch","line":10,"loc":{"start":{"line":10,"column":15},"end":{"line":164,"column":2}},"locations":[{"start":{"line":10,"column":15},"end":{"line":164,"column":2}}]},"1":{"type":"branch","line":74,"loc":{"start":{"line":74,"column":13},"end":{"line":98,"column":20}},"locations":[{"start":{"line":74,"column":13},"end":{"line":98,"column":20}}]},"2":{"type":"branch","line":98,"loc":{"start":{"line":98,"column":14},"end":{"line":106,"column":20}},"locations":[{"start":{"line":98,"column":14},"end":{"line":106,"column":20}}]},"3":{"type":"branch","line":130,"loc":{"start":{"line":130,"column":25},"end":{"line":130,"column":44}},"locations":[{"start":{"line":130,"column":25},"end":{"line":130,"column":44}}]},"4":{"type":"branch","line":130,"loc":{"start":{"line":130,"column":37},"end":{"line":130,"column":62}},"locations":[{"start":{"line":130,"column":37},"end":{"line":130,"column":62}}]},"5":{"type":"branch","line":140,"loc":{"start":{"line":140,"column":27},"end":{"line":140,"column":47}},"locations":[{"start":{"line":140,"column":27},"end":{"line":140,"column":47}}]},"6":{"type":"branch","line":143,"loc":{"start":{"line":143,"column":17},"end":{"line":147,"column":25}},"locations":[{"start":{"line":143,"column":17},"end":{"line":147,"column":25}}]},"7":{"type":"branch","line":147,"loc":{"start":{"line":147,"column":18},"end":{"line":149,"column":36}},"locations":[{"start":{"line":147,"column":18},"end":{"line":149,"column":36}}]},"8":{"type":"branch","line":153,"loc":{"start":{"line":153,"column":15},"end":{"line":156,"column":22}},"locations":[{"start":{"line":153,"column":15},"end":{"line":156,"column":22}}]},"9":{"type":"branch","line":15,"loc":{"start":{"line":15,"column":27},"end":{"line":19,"column":4}},"locations":[{"start":{"line":15,"column":27},"end":{"line":19,"column":4}}]},"10":{"type":"branch","line":23,"loc":{"start":{"line":23,"column":12},"end":{"line":28,"column":5}},"locations":[{"start":{"line":23,"column":12},"end":{"line":28,"column":5}}]},"11":{"type":"branch","line":25,"loc":{"start":{"line":25,"column":12},"end":{"line":25,"column":29}},"locations":[{"start":{"line":25,"column":12},"end":{"line":25,"column":29}}]},"12":{"type":"branch","line":30,"loc":{"start":{"line":30,"column":23},"end":{"line":59,"column":4}},"locations":[{"start":{"line":30,"column":23},"end":{"line":59,"column":4}}]},"13":{"type":"branch","line":41,"loc":{"start":{"line":41,"column":25},"end":{"line":51,"column":9}},"locations":[{"start":{"line":41,"column":25},"end":{"line":51,"column":9}}]},"14":{"type":"branch","line":52,"loc":{"start":{"line":52,"column":6},"end":{"line":55,"column":8}},"locations":[{"start":{"line":52,"column":6},"end":{"line":55,"column":8}}]}},"b":{"0":[18],"1":[1],"2":[17],"3":[7],"4":[11],"5":[7],"6":[2],"7":[16],"8":[7],"9":[2],"10":[9],"11":[9],"12":[2],"13":[1],"14":[0]},"fnMap":{"0":{"name":"Client","decl":{"start":{"line":10,"column":15},"end":{"line":164,"column":2}},"loc":{"start":{"line":10,"column":15},"end":{"line":164,"column":2}},"line":10},"1":{"name":"handleFileChange","decl":{"start":{"line":15,"column":27},"end":{"line":19,"column":4}},"loc":{"start":{"line":15,"column":27},"end":{"line":19,"column":4}},"line":15},"2":{"name":"handleUpload","decl":{"start":{"line":30,"column":23},"end":{"line":59,"column":4}},"loc":{"start":{"line":30,"column":23},"end":{"line":59,"column":4}},"line":30}},"f":{"0":18,"1":2,"2":2}}
,"/Users/sergi/Documents/UNIR/Q2_2025/Generacion_Codigo_Automatizacion_Desarrollo/Actividad 1/tradingApp/frontend/src/components/Header.tsx": {"path":"/Users/sergi/Documents/UNIR/Q2_2025/Generacion_Codigo_Automatizacion_Desarrollo/Actividad 1/tradingApp/frontend/src/components/Header.tsx","all":false,"statementMap":{"0":{"start":{"line":1,"column":0},"end":{"line":1,"column":40}},"1":{"start":{"line":2,"column":0},"end":{"line":2,"column":80}},"3":{"start":{"line":4,"column":0},"end":{"line":4,"column":22}},"4":{"start":{"line":5,"column":0},"end":{"line":5,"column":10}},"5":{"start":{"line":6,"column":0},"end":{"line":6,"column":68}},"6":{"start":{"line":7,"column":0},"end":{"line":7,"column":62}},"7":{"start":{"line":8,"column":0},"end":{"line":8,"column":44}},"8":{"start":{"line":9,"column":0},"end":{"line":9,"column":55}},"9":{"start":{"line":10,"column":0},"end":{"line":10,"column":75}},"10":{"start":{"line":11,"column":0},"end":{"line":11,"column":16}},"11":{"start":{"line":12,"column":0},"end":{"line":12,"column":68}},"12":{"start":{"line":13,"column":0},"end":{"line":13,"column":17}},"13":{"start":{"line":14,"column":0},"end":{"line":14,"column":20}},"14":{"start":{"line":15,"column":0},"end":{"line":15,"column":190}},"16":{"start":{"line":17,"column":0},"end":{"line":17,"column":55}},"17":{"start":{"line":18,"column":0},"end":{"line":18,"column":58}},"18":{"start":{"line":19,"column":0},"end":{"line":19,"column":19}},"19":{"start":{"line":20,"column":0},"end":{"line":20,"column":17}},"20":{"start":{"line":21,"column":0},"end":{"line":21,"column":27}},"21":{"start":{"line":22,"column":0},"end":{"line":22,"column":190}},"23":{"start":{"line":24,"column":0},"end":{"line":24,"column":52}},"24":{"start":{"line":25,"column":0},"end":{"line":25,"column":56}},"25":{"start":{"line":26,"column":0},"end":{"line":26,"column":19}},"26":{"start":{"line":27,"column":0},"end":{"line":27,"column":17}},"27":{"start":{"line":28,"column":0},"end":{"line":28,"column":26}},"28":{"start":{"line":29,"column":0},"end":{"line":29,"column":190}},"30":{"start":{"line":31,"column":0},"end":{"line":31,"column":51}},"31":{"start":{"line":32,"column":0},"end":{"line":32,"column":56}},"32":{"start":{"line":33,"column":0},"end":{"line":33,"column":19}},"33":{"start":{"line":34,"column":0},"end":{"line":34,"column":16}},"34":{"start":{"line":35,"column":0},"end":{"line":35,"column":14}},"35":{"start":{"line":36,"column":0},"end":{"line":36,"column":12}},"36":{"start":{"line":37,"column":0},"end":{"line":37,"column":13}},"38":{"start":{"line":39,"column":0},"end":{"line":39,"column":2}},"40":{"start":{"line":41,"column":0},"end":{"line":41,"column":22}}},"s":{"0":1,"1":1,"3":1,"4":9,"5":9,"6":9,"7":9,"8":9,"9":9,"10":9,"11":9,"12":9,"13":9,"14":9,"16":9,"17":9,"18":9,"19":9,"20":9,"21":9,"23":9,"24":9,"25":9,"26":9,"27":9,"28":9,"30":9,"31":9,"32":9,"33":9,"34":9,"35":9,"36":9,"38":9,"40":1},"branchMap":{"0":{"type":"branch","line":4,"loc":{"start":{"line":4,"column":15},"end":{"line":39,"column":2}},"locations":[{"start":{"line":4,"column":15},"end":{"line":39,"column":2}}]}},"b":{"0":[9]},"fnMap":{"0":{"name":"Header","decl":{"start":{"line":4,"column":15},"end":{"line":39,"column":2}},"loc":{"start":{"line":4,"column":15},"end":{"line":39,"column":2}},"line":4}},"f":{"0":9}}
,"/Users/sergi/Documents/UNIR/Q2_2025/Generacion_Codigo_Automatizacion_Desarrollo/Actividad 1/tradingApp/frontend/src/components/History.tsx": {"path":"/Users/sergi/Documents/UNIR/Q2_2025/Generacion_Codigo_Automatizacion_Desarrollo/Actividad 1/tradingApp/frontend/src/components/History.tsx","all":false,"statementMap":{"0":{"start":{"line":1,"column":0},"end":{"line":1,"column":44}},"1":{"start":{"line":2,"column":0},"end":{"line":2,"column":73}},"15":{"start":{"line":16,"column":0},"end":{"line":16,"column":23}},"16":{"start":{"line":17,"column":0},"end":{"line":17,"column":70}},"17":{"start":{"line":18,"column":0},"end":{"line":18,"column":72}},"18":{"start":{"line":19,"column":0},"end":{"line":19,"column":77}},"20":{"start":{"line":21,"column":0},"end":{"line":21,"column":19}},"21":{"start":{"line":22,"column":0},"end":{"line":22,"column":61}},"22":{"start":{"line":23,"column":0},"end":{"line":23,"column":63}},"23":{"start":{"line":24,"column":0},"end":{"line":24,"column":30}},"24":{"start":{"line":25,"column":0},"end":{"line":25,"column":28}},"25":{"start":{"line":26,"column":0},"end":{"line":26,"column":28}},"26":{"start":{"line":27,"column":0},"end":{"line":27,"column":9}},"28":{"start":{"line":29,"column":0},"end":{"line":29,"column":52}},"29":{"start":{"line":30,"column":0},"end":{"line":30,"column":86}},"30":{"start":{"line":31,"column":0},"end":{"line":31,"column":24}},"31":{"start":{"line":32,"column":0},"end":{"line":32,"column":32}},"32":{"start":{"line":33,"column":0},"end":{"line":33,"column":4}},"34":{"start":{"line":35,"column":0},"end":{"line":35,"column":63}},"35":{"start":{"line":36,"column":0},"end":{"line":36,"column":32}},"36":{"start":{"line":37,"column":0},"end":{"line":37,"column":32}},"37":{"start":{"line":38,"column":0},"end":{"line":38,"column":65}},"38":{"start":{"line":39,"column":0},"end":{"line":39,"column":65}},"39":{"start":{"line":40,"column":0},"end":{"line":40,"column":13}},"40":{"start":{"line":41,"column":0},"end":{"line":41,"column":5}},"42":{"start":{"line":43,"column":0},"end":{"line":43,"column":65}},"43":{"start":{"line":44,"column":0},"end":{"line":44,"column":41}},"44":{"start":{"line":45,"column":0},"end":{"line":45,"column":137}},"45":{"start":{"line":46,"column":0},"end":{"line":46,"column":4}},"47":{"start":{"line":48,"column":0},"end":{"line":48,"column":10}},"48":{"start":{"line":49,"column":0},"end":{"line":49,"column":45}},"49":{"start":{"line":50,"column":0},"end":{"line":50,"column":67}},"51":{"start":{"line":52,"column":0},"end":{"line":52,"column":30}},"52":{"start":{"line":53,"column":0},"end":{"line":53,"column":88}},"53":{"start":{"line":54,"column":0},"end":{"line":54,"column":106}},"54":{"start":{"line":55,"column":0},"end":{"line":55,"column":14}},"57":{"start":{"line":58,"column":0},"end":{"line":58,"column":94}},"58":{"start":{"line":59,"column":0},"end":{"line":59,"column":38}},"59":{"start":{"line":60,"column":0},"end":{"line":60,"column":45}},"60":{"start":{"line":61,"column":0},"end":{"line":61,"column":69}},"61":{"start":{"line":62,"column":0},"end":{"line":62,"column":46}},"62":{"start":{"line":63,"column":0},"end":{"line":63,"column":22}},"63":{"start":{"line":64,"column":0},"end":{"line":64,"column":22}},"64":{"start":{"line":65,"column":0},"end":{"line":65,"column":53}},"65":{"start":{"line":66,"column":0},"end":{"line":66,"column":55}},"66":{"start":{"line":67,"column":0},"end":{"line":67,"column":53}},"67":{"start":{"line":68,"column":0},"end":{"line":68,"column":58}},"68":{"start":{"line":69,"column":0},"end":{"line":69,"column":61}},"69":{"start":{"line":70,"column":0},"end":{"line":70,"column":64}},"70":{"start":{"line":71,"column":0},"end":{"line":71,"column":66}},"71":{"start":{"line":72,"column":0},"end":{"line":72,"column":47}},"72":{"start":{"line":73,"column":0},"end":{"line":73,"column":25}},"73":{"start":{"line":74,"column":0},"end":{"line":74,"column":33}},"74":{"start":{"line":75,"column":0},"end":{"line":75,"column":167}},"75":{"start":{"line":76,"column":0},"end":{"line":76,"column":76}},"77":{"start":{"line":78,"column":0},"end":{"line":78,"column":81}},"78":{"start":{"line":79,"column":0},"end":{"line":79,"column":46}},"79":{"start":{"line":80,"column":0},"end":{"line":80,"column":71}},"80":{"start":{"line":81,"column":0},"end":{"line":81,"column":30}},"81":{"start":{"line":82,"column":0},"end":{"line":82,"column":27}},"82":{"start":{"line":83,"column":0},"end":{"line":83,"column":23}},"83":{"start":{"line":84,"column":0},"end":{"line":84,"column":23}},"84":{"start":{"line":85,"column":0},"end":{"line":85,"column":24}},"85":{"start":{"line":86,"column":0},"end":{"line":86,"column":60}},"86":{"start":{"line":87,"column":0},"end":{"line":87,"column":58}},"87":{"start":{"line":88,"column":0},"end":{"line":88,"column":83}},"88":{"start":{"line":89,"column":0},"end":{"line":89,"column":88}},"89":{"start":{"line":90,"column":0},"end":{"line":90,"column":64}},"90":{"start":{"line":91,"column":0},"end":{"line":91,"column":27}},"91":{"start":{"line":92,"column":0},"end":{"line":92,"column":100}},"92":{"start":{"line":93,"column":0},"end":{"line":93,"column":34}},"93":{"start":{"line":94,"column":0},"end":{"line":94,"column":27}},"94":{"start":{"line":95,"column":0},"end":{"line":95,"column":98}},"95":{"start":{"line":96,"column":0},"end":{"line":96,"column":40}},"96":{"start":{"line":97,"column":0},"end":{"line":97,"column":27}},"97":{"start":{"line":98,"column":0},"end":{"line":98,"column":74}},"98":{"start":{"line":99,"column":0},"end":{"line":99,"column":140}},"99":{"start":{"line":100,"column":0},"end":{"line":100,"column":54}},"100":{"start":{"line":101,"column":0},"end":{"line":101,"column":31}},"101":{"start":{"line":102,"column":0},"end":{"line":102,"column":27}},"102":{"start":{"line":103,"column":0},"end":{"line":103,"column":99}},"103":{"start":{"line":104,"column":0},"end":{"line":104,"column":48}},"104":{"start":{"line":105,"column":0},"end":{"line":105,"column":27}},"105":{"start":{"line":106,"column":0},"end":{"line":106,"column":99}},"106":{"start":{"line":107,"column":0},"end":{"line":107,"column":50}},"107":{"start":{"line":108,"column":0},"end":{"line":108,"column":27}},"108":{"start":{"line":109,"column":0},"end":{"line":109,"column":114}},"109":{"start":{"line":110,"column":0},"end":{"line":110,"column":51}},"110":{"start":{"line":111,"column":0},"end":{"line":111,"column":27}},"111":{"start":{"line":112,"column":0},"end":{"line":112,"column":25}},"112":{"start":{"line":113,"column":0},"end":{"line":113,"column":21}},"113":{"start":{"line":114,"column":0},"end":{"line":114,"column":24}},"114":{"start":{"line":115,"column":0},"end":{"line":115,"column":22}},"115":{"start":{"line":116,"column":0},"end":{"line":116,"column":18}},"117":{"start":{"line":118,"column":0},"end":{"line":118,"column":47}},"118":{"start":{"line":119,"column":0},"end":{"line":119,"column":95}},"119":{"start":{"line":120,"column":0},"end":{"line":120,"column":119}},"120":{"start":{"line":121,"column":0},"end":{"line":121,"column":18}},"122":{"start":{"line":123,"column":0},"end":{"line":123,"column":14}},"123":{"start":{"line":124,"column":0},"end":{"line":124,"column":12}},"124":{"start":{"line":125,"column":0},"end":{"line":125,"column":10}},"126":{"start":{"line":127,"column":0},"end":{"line":127,"column":2}},"128":{"start":{"line":129,"column":0},"end":{"line":129,"column":23}}},"s":{"0":1,"1":1,"15":1,"16":11,"17":11,"18":11,"20":11,"21":6,"22":6,"23":6,"24":6,"25":6,"26":11,"28":11,"29":1,"30":1,"31":1,"32":1,"34":11,"35":2,"36":2,"37":2,"38":2,"39":0,"40":11,"42":11,"43":21,"44":21,"45":21,"47":11,"48":11,"49":11,"51":11,"52":11,"53":11,"54":11,"57":11,"58":11,"59":3,"60":3,"61":3,"62":3,"63":3,"64":3,"65":3,"66":3,"67":3,"68":3,"69":3,"70":3,"71":3,"72":21,"73":21,"74":21,"75":21,"77":21,"78":21,"79":21,"80":21,"81":21,"82":3,"83":3,"84":3,"85":3,"86":3,"87":5,"88":5,"89":5,"90":5,"91":5,"92":5,"93":5,"94":5,"95":5,"96":5,"97":5,"98":5,"99":5,"100":5,"101":5,"102":5,"103":5,"104":5,"105":5,"106":5,"107":5,"108":5,"109":5,"110":5,"111":5,"112":3,"113":3,"114":3,"115":3,"117":8,"118":8,"119":8,"120":8,"122":11,"123":11,"124":11,"126":11,"128":1},"branchMap":{"0":{"type":"branch","line":16,"loc":{"start":{"line":16,"column":16},"end":{"line":127,"column":2}},"locations":[{"start":{"line":16,"column":16},"end":{"line":127,"column":2}}]},"1":{"type":"branch","line":59,"loc":{"start":{"line":59,"column":33},"end":{"line":116,"column":18}},"locations":[{"start":{"line":59,"column":33},"end":{"line":116,"column":18}}]},"2":{"type":"branch","line":116,"loc":{"start":{"line":116,"column":12},"end":{"line":121,"column":18}},"locations":[{"start":{"line":116,"column":12},"end":{"line":121,"column":18}}]},"3":{"type":"branch","line":21,"loc":{"start":{"line":21,"column":12},"end":{"line":27,"column":5}},"locations":[{"start":{"line":21,"column":12},"end":{"line":27,"column":5}}]},"4":{"type":"branch","line":22,"loc":{"start":{"line":22,"column":52},"end":{"line":22,"column":61}},"locations":[{"start":{"line":22,"column":52},"end":{"line":22,"column":61}}]},"5":{"type":"branch","line":24,"loc":{"start":{"line":24,"column":12},"end":{"line":24,"column":29}},"locations":[{"start":{"line":24,"column":12},"end":{"line":24,"column":29}}]},"6":{"type":"branch","line":29,"loc":{"start":{"line":29,"column":21},"end":{"line":33,"column":4}},"locations":[{"start":{"line":29,"column":21},"end":{"line":33,"column":4}}]},"7":{"type":"branch","line":30,"loc":{"start":{"line":30,"column":36},"end":{"line":30,"column":71}},"locations":[{"start":{"line":30,"column":36},"end":{"line":30,"column":71}}]},"8":{"type":"branch","line":30,"loc":{"start":{"line":30,"column":63},"end":{"line":30,"column":80}},"locations":[{"start":{"line":30,"column":63},"end":{"line":30,"column":80}}]},"9":{"type":"branch","line":35,"loc":{"start":{"line":35,"column":52},"end":{"line":41,"column":3}},"locations":[{"start":{"line":35,"column":52},"end":{"line":41,"column":3}}]},"10":{"type":"branch","line":38,"loc":{"start":{"line":38,"column":25},"end":{"line":38,"column":65}},"locations":[{"start":{"line":38,"column":25},"end":{"line":38,"column":65}}]},"11":{"type":"branch","line":39,"loc":{"start":{"line":39,"column":50},"end":{"line":39,"column":62}},"locations":[{"start":{"line":39,"column":50},"end":{"line":39,"column":62}}]},"12":{"type":"branch","line":39,"loc":{"start":{"line":39,"column":58},"end":{"line":39,"column":65}},"locations":[{"start":{"line":39,"column":58},"end":{"line":39,"column":65}}]},"13":{"type":"branch","line":39,"loc":{"start":{"line":39,"column":62},"end":{"line":40,"column":13}},"locations":[{"start":{"line":39,"column":62},"end":{"line":40,"column":13}}]},"14":{"type":"branch","line":43,"loc":{"start":{"line":43,"column":19},"end":{"line":46,"column":4}},"locations":[{"start":{"line":43,"column":19},"end":{"line":46,"column":4}}]},"15":{"type":"branch","line":44,"loc":{"start":{"line":44,"column":29},"end":{"line":44,"column":41}},"locations":[{"start":{"line":44,"column":29},"end":{"line":44,"column":41}}]},"16":{"type":"branch","line":44,"loc":{"start":{"line":44,"column":36},"end":{"line":45,"column":37}},"locations":[{"start":{"line":44,"column":36},"end":{"line":45,"column":37}}]},"17":{"type":"branch","line":45,"loc":{"start":{"line":45,"column":29},"end":{"line":45,"column":87}},"locations":[{"start":{"line":45,"column":29},"end":{"line":45,"column":87}}]},"18":{"type":"branch","line":45,"loc":{"start":{"line":45,"column":82},"end":{"line":45,"column":137}},"locations":[{"start":{"line":45,"column":82},"end":{"line":45,"column":137}}]},"19":{"type":"branch","line":72,"loc":{"start":{"line":72,"column":26},"end":{"line":82,"column":27}},"locations":[{"start":{"line":72,"column":26},"end":{"line":82,"column":27}}]},"20":{"type":"branch","line":76,"loc":{"start":{"line":76,"column":33},"end":{"line":76,"column":76}},"locations":[{"start":{"line":76,"column":33},"end":{"line":76,"column":76}}]},"21":{"type":"branch","line":87,"loc":{"start":{"line":87,"column":42},"end":{"line":112,"column":25}},"locations":[{"start":{"line":87,"column":42},"end":{"line":112,"column":25}}]},"22":{"type":"branch","line":96,"loc":{"start":{"line":96,"column":28},"end":{"line":96,"column":40}},"locations":[{"start":{"line":96,"column":28},"end":{"line":96,"column":40}}]},"23":{"type":"branch","line":100,"loc":{"start":{"line":100,"column":30},"end":{"line":100,"column":54}},"locations":[{"start":{"line":100,"column":30},"end":{"line":100,"column":54}}]}},"b":{"0":[11],"1":[3],"2":[8],"3":[6],"4":[0],"5":[5],"6":[1],"7":[0],"8":[0],"9":[2],"10":[0],"11":[1],"12":[1],"13":[0],"14":[21],"15":[18],"16":[3],"17":[1],"18":[2],"19":[21],"20":[1],"21":[5],"22":[0],"23":[0]},"fnMap":{"0":{"name":"History","decl":{"start":{"line":16,"column":16},"end":{"line":127,"column":2}},"loc":{"start":{"line":16,"column":16},"end":{"line":127,"column":2}},"line":16},"1":{"name":"handleSort","decl":{"start":{"line":29,"column":21},"end":{"line":33,"column":4}},"loc":{"start":{"line":29,"column":21},"end":{"line":33,"column":4}},"line":29},"2":{"name":"SortIcon","decl":{"start":{"line":43,"column":19},"end":{"line":46,"column":4}},"loc":{"start":{"line":43,"column":19},"end":{"line":46,"column":4}},"line":43},"3":{"name":"onClick","decl":{"start":{"line":76,"column":33},"end":{"line":76,"column":76}},"loc":{"start":{"line":76,"column":33},"end":{"line":76,"column":76}},"line":76}},"f":{"0":11,"1":1,"2":21,"3":1}}
,"/Users/sergi/Documents/UNIR/Q2_2025/Generacion_Codigo_Automatizacion_Desarrollo/Actividad 1/tradingApp/frontend/src/components/Portfolio.tsx": {"path":"/Users/sergi/Documents/UNIR/Q2_2025/Generacion_Codigo_Automatizacion_Desarrollo/Actividad 1/tradingApp/frontend/src/components/Portfolio.tsx","all":false,"statementMap":{"0":{"start":{"line":1,"column":0},"end":{"line":1,"column":44}},"29":{"start":{"line":30,"column":0},"end":{"line":30,"column":25}},"30":{"start":{"line":31,"column":0},"end":{"line":31,"column":58}},"31":{"start":{"line":32,"column":0},"end":{"line":32,"column":72}},"32":{"start":{"line":33,"column":0},"end":{"line":33,"column":52}},"33":{"start":{"line":34,"column":0},"end":{"line":34,"column":64}},"34":{"start":{"line":35,"column":0},"end":{"line":35,"column":62}},"35":{"start":{"line":36,"column":0},"end":{"line":36,"column":133}},"37":{"start":{"line":38,"column":0},"end":{"line":38,"column":19}},"38":{"start":{"line":39,"column":0},"end":{"line":39,"column":61}},"39":{"start":{"line":40,"column":0},"end":{"line":40,"column":63}},"40":{"start":{"line":41,"column":0},"end":{"line":41,"column":30}},"41":{"start":{"line":42,"column":0},"end":{"line":42,"column":46}},"42":{"start":{"line":43,"column":0},"end":{"line":43,"column":153}},"43":{"start":{"line":44,"column":0},"end":{"line":44,"column":36}},"44":{"start":{"line":45,"column":0},"end":{"line":45,"column":168}},"45":{"start":{"line":46,"column":0},"end":{"line":46,"column":43}},"46":{"start":{"line":47,"column":0},"end":{"line":47,"column":47}},"47":{"start":{"line":48,"column":0},"end":{"line":48,"column":43}},"48":{"start":{"line":49,"column":0},"end":{"line":49,"column":11}},"49":{"start":{"line":50,"column":0},"end":{"line":50,"column":90}},"50":{"start":{"line":51,"column":0},"end":{"line":51,"column":15}},"51":{"start":{"line":52,"column":0},"end":{"line":52,"column":34}},"52":{"start":{"line":53,"column":0},"end":{"line":53,"column":36}},"53":{"start":{"line":54,"column":0},"end":{"line":54,"column":38}},"54":{"start":{"line":55,"column":0},"end":{"line":55,"column":32}},"55":{"start":{"line":56,"column":0},"end":{"line":56,"column":36}},"56":{"start":{"line":57,"column":0},"end":{"line":57,"column":50}},"57":{"start":{"line":58,"column":0},"end":{"line":58,"column":12}},"58":{"start":{"line":59,"column":0},"end":{"line":59,"column":29}},"59":{"start":{"line":60,"column":0},"end":{"line":60,"column":87}},"62":{"start":{"line":63,"column":0},"end":{"line":63,"column":38}},"63":{"start":{"line":64,"column":0},"end":{"line":64,"column":8}},"64":{"start":{"line":65,"column":0},"end":{"line":65,"column":28}},"65":{"start":{"line":66,"column":0},"end":{"line":66,"column":9}},"67":{"start":{"line":68,"column":0},"end":{"line":68,"column":47}},"68":{"start":{"line":69,"column":0},"end":{"line":69,"column":64}},"69":{"start":{"line":70,"column":0},"end":{"line":70,"column":48}},"70":{"start":{"line":71,"column":0},"end":{"line":71,"column":4}},"72":{"start":{"line":73,"column":0},"end":{"line":73,"column":39}},"73":{"start":{"line":74,"column":0},"end":{"line":74,"column":43}},"74":{"start":{"line":75,"column":0},"end":{"line":75,"column":68}},"75":{"start":{"line":76,"column":0},"end":{"line":76,"column":24}},"76":{"start":{"line":77,"column":0},"end":{"line":77,"column":5}},"77":{"start":{"line":78,"column":0},"end":{"line":78,"column":38}},"78":{"start":{"line":79,"column":0},"end":{"line":79,"column":4}},"80":{"start":{"line":81,"column":0},"end":{"line":81,"column":53}},"81":{"start":{"line":82,"column":0},"end":{"line":82,"column":40}},"82":{"start":{"line":83,"column":0},"end":{"line":83,"column":15}},"83":{"start":{"line":84,"column":0},"end":{"line":84,"column":63}},"85":{"start":{"line":86,"column":0},"end":{"line":86,"column":41}},"86":{"start":{"line":87,"column":0},"end":{"line":87,"column":59}},"87":{"start":{"line":88,"column":0},"end":{"line":88,"column":59}},"89":{"start":{"line":90,"column":0},"end":{"line":90,"column":69}},"90":{"start":{"line":91,"column":0},"end":{"line":91,"column":83}},"91":{"start":{"line":92,"column":0},"end":{"line":92,"column":7}},"93":{"start":{"line":94,"column":0},"end":{"line":94,"column":45}},"94":{"start":{"line":95,"column":0},"end":{"line":95,"column":54}},"95":{"start":{"line":96,"column":0},"end":{"line":96,"column":55}},"96":{"start":{"line":97,"column":0},"end":{"line":97,"column":7}},"97":{"start":{"line":98,"column":0},"end":{"line":98,"column":4}},"99":{"start":{"line":100,"column":0},"end":{"line":100,"column":60}},"100":{"start":{"line":101,"column":0},"end":{"line":101,"column":29}},"101":{"start":{"line":102,"column":0},"end":{"line":102,"column":9}},"103":{"start":{"line":104,"column":0},"end":{"line":104,"column":75}},"105":{"start":{"line":106,"column":0},"end":{"line":106,"column":33}},"106":{"start":{"line":107,"column":0},"end":{"line":107,"column":111}},"107":{"start":{"line":108,"column":0},"end":{"line":108,"column":34}},"108":{"start":{"line":109,"column":0},"end":{"line":109,"column":15}},"109":{"start":{"line":110,"column":0},"end":{"line":110,"column":7}},"112":{"start":{"line":113,"column":0},"end":{"line":113,"column":31}},"113":{"start":{"line":114,"column":0},"end":{"line":114,"column":68}},"114":{"start":{"line":115,"column":0},"end":{"line":115,"column":42}},"115":{"start":{"line":116,"column":0},"end":{"line":116,"column":19}},"117":{"start":{"line":118,"column":0},"end":{"line":118,"column":21}},"118":{"start":{"line":119,"column":0},"end":{"line":119,"column":56}},"119":{"start":{"line":120,"column":0},"end":{"line":120,"column":34}},"120":{"start":{"line":121,"column":0},"end":{"line":121,"column":15}},"121":{"start":{"line":122,"column":0},"end":{"line":122,"column":7}},"123":{"start":{"line":124,"column":0},"end":{"line":124,"column":61}},"126":{"start":{"line":127,"column":0},"end":{"line":127,"column":35}},"127":{"start":{"line":128,"column":0},"end":{"line":128,"column":104}},"128":{"start":{"line":129,"column":0},"end":{"line":129,"column":8}},"130":{"start":{"line":131,"column":0},"end":{"line":131,"column":25}},"131":{"start":{"line":132,"column":0},"end":{"line":132,"column":55}},"132":{"start":{"line":133,"column":0},"end":{"line":133,"column":34}},"133":{"start":{"line":134,"column":0},"end":{"line":134,"column":15}},"134":{"start":{"line":135,"column":0},"end":{"line":135,"column":7}},"136":{"start":{"line":137,"column":0},"end":{"line":137,"column":41}},"137":{"start":{"line":138,"column":0},"end":{"line":138,"column":49}},"140":{"start":{"line":141,"column":0},"end":{"line":141,"column":46}},"141":{"start":{"line":142,"column":0},"end":{"line":142,"column":50}},"142":{"start":{"line":143,"column":0},"end":{"line":143,"column":42}},"143":{"start":{"line":144,"column":0},"end":{"line":144,"column":28}},"144":{"start":{"line":145,"column":0},"end":{"line":145,"column":44}},"145":{"start":{"line":146,"column":0},"end":{"line":146,"column":11}},"146":{"start":{"line":147,"column":0},"end":{"line":147,"column":11}},"147":{"start":{"line":148,"column":0},"end":{"line":148,"column":7}},"150":{"start":{"line":151,"column":0},"end":{"line":151,"column":52}},"151":{"start":{"line":152,"column":0},"end":{"line":152,"column":53}},"153":{"start":{"line":154,"column":0},"end":{"line":154,"column":66}},"154":{"start":{"line":155,"column":0},"end":{"line":155,"column":47}},"155":{"start":{"line":156,"column":0},"end":{"line":156,"column":66}},"156":{"start":{"line":157,"column":0},"end":{"line":157,"column":61}},"157":{"start":{"line":158,"column":0},"end":{"line":158,"column":70}},"159":{"start":{"line":160,"column":0},"end":{"line":160,"column":77}},"161":{"start":{"line":162,"column":0},"end":{"line":162,"column":18}},"162":{"start":{"line":163,"column":0},"end":{"line":163,"column":21}},"163":{"start":{"line":164,"column":0},"end":{"line":164,"column":25}},"164":{"start":{"line":165,"column":0},"end":{"line":165,"column":30}},"165":{"start":{"line":166,"column":0},"end":{"line":166,"column":24}},"166":{"start":{"line":167,"column":0},"end":{"line":167,"column":26}},"167":{"start":{"line":168,"column":0},"end":{"line":168,"column":12}},"168":{"start":{"line":169,"column":0},"end":{"line":169,"column":16}},"169":{"start":{"line":170,"column":0},"end":{"line":170,"column":60}},"170":{"start":{"line":171,"column":0},"end":{"line":171,"column":23}},"171":{"start":{"line":172,"column":0},"end":{"line":172,"column":9}},"172":{"start":{"line":173,"column":0},"end":{"line":173,"column":9}},"174":{"start":{"line":175,"column":0},"end":{"line":175,"column":31}},"175":{"start":{"line":176,"column":0},"end":{"line":176,"column":49}},"176":{"start":{"line":177,"column":0},"end":{"line":177,"column":76}},"177":{"start":{"line":178,"column":0},"end":{"line":178,"column":9}},"178":{"start":{"line":179,"column":0},"end":{"line":179,"column":8}},"179":{"start":{"line":180,"column":0},"end":{"line":180,"column":46}},"180":{"start":{"line":181,"column":0},"end":{"line":181,"column":21}},"181":{"start":{"line":182,"column":0},"end":{"line":182,"column":64}},"182":{"start":{"line":183,"column":0},"end":{"line":183,"column":15}},"183":{"start":{"line":184,"column":0},"end":{"line":184,"column":32}},"184":{"start":{"line":185,"column":0},"end":{"line":185,"column":5}},"185":{"start":{"line":186,"column":0},"end":{"line":186,"column":4}},"187":{"start":{"line":188,"column":0},"end":{"line":188,"column":10}},"188":{"start":{"line":189,"column":0},"end":{"line":189,"column":45}},"189":{"start":{"line":190,"column":0},"end":{"line":190,"column":67}},"191":{"start":{"line":192,"column":0},"end":{"line":192,"column":30}},"192":{"start":{"line":193,"column":0},"end":{"line":193,"column":87}},"193":{"start":{"line":194,"column":0},"end":{"line":194,"column":65}},"195":{"start":{"line":196,"column":0},"end":{"line":196,"column":108}},"196":{"start":{"line":197,"column":0},"end":{"line":197,"column":74}},"197":{"start":{"line":198,"column":0},"end":{"line":198,"column":154}},"198":{"start":{"line":199,"column":0},"end":{"line":199,"column":82}},"199":{"start":{"line":200,"column":0},"end":{"line":200,"column":18}},"202":{"start":{"line":203,"column":0},"end":{"line":203,"column":84}},"203":{"start":{"line":204,"column":0},"end":{"line":204,"column":54}},"204":{"start":{"line":205,"column":0},"end":{"line":205,"column":48}},"205":{"start":{"line":206,"column":0},"end":{"line":206,"column":43}},"206":{"start":{"line":207,"column":0},"end":{"line":207,"column":16}},"207":{"start":{"line":208,"column":0},"end":{"line":208,"column":65}},"208":{"start":{"line":209,"column":0},"end":{"line":209,"column":21}},"209":{"start":{"line":210,"column":0},"end":{"line":210,"column":81}},"210":{"start":{"line":211,"column":0},"end":{"line":211,"column":165}},"211":{"start":{"line":212,"column":0},"end":{"line":212,"column":22}},"212":{"start":{"line":213,"column":0},"end":{"line":213,"column":37}},"213":{"start":{"line":214,"column":0},"end":{"line":214,"column":46}},"214":{"start":{"line":215,"column":0},"end":{"line":215,"column":69}},"215":{"start":{"line":216,"column":0},"end":{"line":216,"column":24}},"217":{"start":{"line":218,"column":0},"end":{"line":218,"column":20}},"218":{"start":{"line":219,"column":0},"end":{"line":219,"column":38}},"219":{"start":{"line":220,"column":0},"end":{"line":220,"column":38}},"220":{"start":{"line":221,"column":0},"end":{"line":221,"column":55}},"221":{"start":{"line":222,"column":0},"end":{"line":222,"column":151}},"222":{"start":{"line":223,"column":0},"end":{"line":223,"column":22}},"223":{"start":{"line":224,"column":0},"end":{"line":224,"column":52}},"224":{"start":{"line":225,"column":0},"end":{"line":225,"column":143}},"225":{"start":{"line":226,"column":0},"end":{"line":226,"column":22}},"226":{"start":{"line":227,"column":0},"end":{"line":227,"column":22}},"228":{"start":{"line":229,"column":0},"end":{"line":229,"column":18}},"229":{"start":{"line":230,"column":0},"end":{"line":230,"column":16}},"230":{"start":{"line":231,"column":0},"end":{"line":231,"column":14}},"233":{"start":{"line":234,"column":0},"end":{"line":234,"column":78}},"234":{"start":{"line":235,"column":0},"end":{"line":235,"column":33}},"235":{"start":{"line":236,"column":0},"end":{"line":236,"column":98}},"236":{"start":{"line":237,"column":0},"end":{"line":237,"column":79}},"237":{"start":{"line":238,"column":0},"end":{"line":238,"column":55}},"238":{"start":{"line":239,"column":0},"end":{"line":239,"column":92}},"239":{"start":{"line":240,"column":0},"end":{"line":240,"column":23}},"240":{"start":{"line":241,"column":0},"end":{"line":241,"column":36}},"241":{"start":{"line":242,"column":0},"end":{"line":242,"column":65}},"242":{"start":{"line":243,"column":0},"end":{"line":243,"column":152}},"244":{"start":{"line":245,"column":0},"end":{"line":245,"column":54}},"245":{"start":{"line":246,"column":0},"end":{"line":246,"column":67}},"246":{"start":{"line":247,"column":0},"end":{"line":247,"column":21}},"247":{"start":{"line":248,"column":0},"end":{"line":248,"column":25}},"248":{"start":{"line":249,"column":0},"end":{"line":249,"column":20}},"249":{"start":{"line":250,"column":0},"end":{"line":250,"column":18}},"251":{"start":{"line":252,"column":0},"end":{"line":252,"column":32}},"252":{"start":{"line":253,"column":0},"end":{"line":253,"column":45}},"253":{"start":{"line":254,"column":0},"end":{"line":254,"column":69}},"254":{"start":{"line":255,"column":0},"end":{"line":255,"column":46}},"255":{"start":{"line":256,"column":0},"end":{"line":256,"column":22}},"256":{"start":{"line":257,"column":0},"end":{"line":257,"column":24}},"257":{"start":{"line":258,"column":0},"end":{"line":258,"column":56}},"258":{"start":{"line":259,"column":0},"end":{"line":259,"column":145}},"259":{"start":{"line":260,"column":0},"end":{"line":260,"column":21}},"260":{"start":{"line":261,"column":0},"end":{"line":261,"column":107}},"261":{"start":{"line":262,"column":0},"end":{"line":262,"column":25}},"262":{"start":{"line":263,"column":0},"end":{"line":263,"column":115}},"264":{"start":{"line":265,"column":0},"end":{"line":265,"column":25}},"265":{"start":{"line":266,"column":0},"end":{"line":266,"column":24}},"266":{"start":{"line":267,"column":0},"end":{"line":267,"column":58}},"267":{"start":{"line":268,"column":0},"end":{"line":268,"column":145}},"268":{"start":{"line":269,"column":0},"end":{"line":269,"column":21}},"269":{"start":{"line":270,"column":0},"end":{"line":270,"column":107}},"270":{"start":{"line":271,"column":0},"end":{"line":271,"column":25}},"271":{"start":{"line":272,"column":0},"end":{"line":272,"column":24}},"272":{"start":{"line":273,"column":0},"end":{"line":273,"column":61}},"273":{"start":{"line":274,"column":0},"end":{"line":274,"column":145}},"274":{"start":{"line":275,"column":0},"end":{"line":275,"column":21}},"275":{"start":{"line":276,"column":0},"end":{"line":276,"column":108}},"276":{"start":{"line":277,"column":0},"end":{"line":277,"column":25}},"277":{"start":{"line":278,"column":0},"end":{"line":278,"column":24}},"278":{"start":{"line":279,"column":0},"end":{"line":279,"column":60}},"279":{"start":{"line":280,"column":0},"end":{"line":280,"column":146}},"280":{"start":{"line":281,"column":0},"end":{"line":281,"column":21}},"281":{"start":{"line":282,"column":0},"end":{"line":282,"column":111}},"282":{"start":{"line":283,"column":0},"end":{"line":283,"column":25}},"283":{"start":{"line":284,"column":0},"end":{"line":284,"column":24}},"284":{"start":{"line":285,"column":0},"end":{"line":285,"column":61}},"285":{"start":{"line":286,"column":0},"end":{"line":286,"column":146}},"286":{"start":{"line":287,"column":0},"end":{"line":287,"column":21}},"287":{"start":{"line":288,"column":0},"end":{"line":288,"column":114}},"288":{"start":{"line":289,"column":0},"end":{"line":289,"column":25}},"289":{"start":{"line":290,"column":0},"end":{"line":290,"column":24}},"290":{"start":{"line":291,"column":0},"end":{"line":291,"column":64}},"291":{"start":{"line":292,"column":0},"end":{"line":292,"column":146}},"292":{"start":{"line":293,"column":0},"end":{"line":293,"column":21}},"293":{"start":{"line":294,"column":0},"end":{"line":294,"column":120}},"294":{"start":{"line":295,"column":0},"end":{"line":295,"column":25}},"295":{"start":{"line":296,"column":0},"end":{"line":296,"column":24}},"296":{"start":{"line":297,"column":0},"end":{"line":297,"column":69}},"297":{"start":{"line":298,"column":0},"end":{"line":298,"column":146}},"298":{"start":{"line":299,"column":0},"end":{"line":299,"column":21}},"299":{"start":{"line":300,"column":0},"end":{"line":300,"column":125}},"300":{"start":{"line":301,"column":0},"end":{"line":301,"column":25}},"301":{"start":{"line":302,"column":0},"end":{"line":302,"column":24}},"302":{"start":{"line":303,"column":0},"end":{"line":303,"column":65}},"303":{"start":{"line":304,"column":0},"end":{"line":304,"column":146}},"304":{"start":{"line":305,"column":0},"end":{"line":305,"column":21}},"305":{"start":{"line":306,"column":0},"end":{"line":306,"column":114}},"306":{"start":{"line":307,"column":0},"end":{"line":307,"column":25}},"307":{"start":{"line":308,"column":0},"end":{"line":308,"column":23}},"308":{"start":{"line":309,"column":0},"end":{"line":309,"column":24}},"309":{"start":{"line":310,"column":0},"end":{"line":310,"column":60}},"310":{"start":{"line":311,"column":0},"end":{"line":311,"column":71}},"311":{"start":{"line":312,"column":0},"end":{"line":312,"column":83}},"312":{"start":{"line":313,"column":0},"end":{"line":313,"column":100}},"313":{"start":{"line":314,"column":0},"end":{"line":314,"column":36}},"314":{"start":{"line":315,"column":0},"end":{"line":315,"column":27}},"315":{"start":{"line":316,"column":0},"end":{"line":316,"column":98}},"316":{"start":{"line":317,"column":0},"end":{"line":317,"column":43}},"317":{"start":{"line":318,"column":0},"end":{"line":318,"column":27}},"318":{"start":{"line":319,"column":0},"end":{"line":319,"column":102}},"319":{"start":{"line":320,"column":0},"end":{"line":320,"column":45}},"320":{"start":{"line":321,"column":0},"end":{"line":321,"column":27}},"321":{"start":{"line":322,"column":0},"end":{"line":322,"column":74}},"322":{"start":{"line":323,"column":0},"end":{"line":323,"column":140}},"323":{"start":{"line":324,"column":0},"end":{"line":324,"column":57}},"324":{"start":{"line":325,"column":0},"end":{"line":325,"column":31}},"325":{"start":{"line":326,"column":0},"end":{"line":326,"column":27}},"326":{"start":{"line":327,"column":0},"end":{"line":327,"column":99}},"327":{"start":{"line":328,"column":0},"end":{"line":328,"column":51}},"328":{"start":{"line":329,"column":0},"end":{"line":329,"column":27}},"329":{"start":{"line":330,"column":0},"end":{"line":330,"column":99}},"330":{"start":{"line":331,"column":0},"end":{"line":331,"column":53}},"331":{"start":{"line":332,"column":0},"end":{"line":332,"column":27}},"332":{"start":{"line":333,"column":0},"end":{"line":333,"column":85}},"333":{"start":{"line":334,"column":0},"end":{"line":334,"column":47}},"334":{"start":{"line":335,"column":0},"end":{"line":335,"column":72}},"335":{"start":{"line":336,"column":0},"end":{"line":336,"column":60}},"336":{"start":{"line":337,"column":0},"end":{"line":337,"column":33}},"338":{"start":{"line":339,"column":0},"end":{"line":339,"column":66}},"340":{"start":{"line":341,"column":0},"end":{"line":341,"column":27}},"341":{"start":{"line":342,"column":0},"end":{"line":342,"column":99}},"342":{"start":{"line":343,"column":0},"end":{"line":343,"column":52}},"343":{"start":{"line":344,"column":0},"end":{"line":344,"column":124}},"344":{"start":{"line":345,"column":0},"end":{"line":345,"column":65}},"345":{"start":{"line":346,"column":0},"end":{"line":346,"column":33}},"347":{"start":{"line":348,"column":0},"end":{"line":348,"column":66}},"349":{"start":{"line":350,"column":0},"end":{"line":350,"column":27}},"350":{"start":{"line":351,"column":0},"end":{"line":351,"column":85}},"351":{"start":{"line":352,"column":0},"end":{"line":352,"column":62}},"352":{"start":{"line":353,"column":0},"end":{"line":353,"column":133}},"353":{"start":{"line":354,"column":0},"end":{"line":354,"column":98}},"354":{"start":{"line":355,"column":0},"end":{"line":355,"column":33}},"356":{"start":{"line":357,"column":0},"end":{"line":357,"column":66}},"358":{"start":{"line":359,"column":0},"end":{"line":359,"column":27}},"359":{"start":{"line":360,"column":0},"end":{"line":360,"column":25}},"360":{"start":{"line":361,"column":0},"end":{"line":361,"column":21}},"361":{"start":{"line":362,"column":0},"end":{"line":362,"column":24}},"362":{"start":{"line":363,"column":0},"end":{"line":363,"column":22}},"363":{"start":{"line":364,"column":0},"end":{"line":364,"column":18}},"365":{"start":{"line":366,"column":0},"end":{"line":366,"column":47}},"366":{"start":{"line":367,"column":0},"end":{"line":367,"column":96}},"367":{"start":{"line":368,"column":0},"end":{"line":368,"column":121}},"368":{"start":{"line":369,"column":0},"end":{"line":369,"column":18}},"370":{"start":{"line":371,"column":0},"end":{"line":371,"column":14}},"371":{"start":{"line":372,"column":0},"end":{"line":372,"column":12}},"372":{"start":{"line":373,"column":0},"end":{"line":373,"column":10}},"374":{"start":{"line":375,"column":0},"end":{"line":375,"column":2}},"376":{"start":{"line":377,"column":0},"end":{"line":377,"column":25}}},"s":{"0":1,"29":1,"30":16,"31":16,"32":16,"33":16,"34":16,"35":16,"37":16,"38":11,"39":11,"40":11,"41":11,"42":10,"43":10,"44":4,"45":4,"46":4,"47":4,"48":10,"49":10,"50":4,"51":4,"52":4,"53":4,"54":4,"55":4,"56":4,"57":10,"58":10,"59":10,"62":10,"63":11,"64":11,"65":16,"67":16,"68":3,"69":3,"70":3,"72":16,"73":0,"74":0,"75":0,"76":0,"77":0,"78":0,"80":16,"81":3,"82":3,"83":0,"85":3,"86":1,"87":1,"89":1,"90":1,"91":1,"93":0,"94":0,"95":0,"96":3,"97":3,"99":16,"100":10,"101":10,"103":10,"105":10,"106":0,"107":0,"108":0,"109":0,"112":10,"113":10,"114":10,"115":10,"117":10,"118":7,"119":7,"120":7,"121":7,"123":3,"126":3,"127":3,"128":3,"130":7,"131":0,"132":0,"133":0,"134":0,"136":3,"137":3,"140":3,"141":10,"142":3,"143":0,"144":0,"145":0,"146":3,"147":3,"150":3,"151":4,"153":4,"154":0,"155":0,"156":0,"157":0,"159":0,"161":0,"162":0,"163":0,"164":0,"165":0,"166":0,"167":0,"168":4,"169":4,"170":4,"171":4,"172":3,"174":3,"175":3,"176":3,"177":3,"178":3,"179":3,"180":7,"181":0,"182":10,"183":10,"184":10,"185":10,"187":16,"188":16,"189":16,"191":16,"192":16,"193":16,"195":16,"196":16,"197":16,"198":16,"199":16,"202":16,"203":16,"204":16,"205":0,"206":16,"207":16,"208":16,"209":16,"210":16,"211":16,"212":16,"213":0,"214":0,"215":0,"217":16,"218":16,"219":3,"220":3,"221":3,"222":3,"223":3,"224":3,"225":3,"226":3,"228":16,"229":16,"230":16,"233":16,"234":16,"235":3,"236":3,"237":3,"238":3,"239":3,"240":3,"241":3,"242":3,"244":3,"245":6,"246":3,"247":3,"248":3,"249":3,"251":16,"252":3,"253":3,"254":3,"255":3,"256":3,"257":3,"258":3,"259":3,"260":3,"261":3,"262":3,"264":3,"265":3,"266":3,"267":3,"268":3,"269":3,"270":3,"271":3,"272":3,"273":3,"274":3,"275":3,"276":3,"277":3,"278":3,"279":3,"280":3,"281":3,"282":3,"283":3,"284":3,"285":3,"286":3,"287":3,"288":3,"289":3,"290":3,"291":3,"292":3,"293":3,"294":3,"295":3,"296":3,"297":3,"298":3,"299":3,"300":3,"301":3,"302":3,"303":3,"304":3,"305":3,"306":3,"307":3,"308":3,"309":3,"310":3,"311":4,"312":4,"313":4,"314":4,"315":4,"316":4,"317":4,"318":4,"319":4,"320":4,"321":4,"322":4,"323":4,"324":4,"325":4,"326":4,"327":4,"328":4,"329":4,"330":4,"331":4,"332":4,"333":4,"334":0,"335":0,"336":0,"338":4,"340":4,"341":4,"342":4,"343":0,"344":0,"345":0,"347":4,"349":4,"350":4,"351":4,"352":0,"353":0,"354":0,"356":4,"358":4,"359":4,"360":3,"361":3,"362":3,"363":3,"365":13,"366":13,"367":13,"368":13,"370":16,"371":16,"372":16,"374":16,"376":1},"branchMap":{"0":{"type":"branch","line":30,"loc":{"start":{"line":30,"column":18},"end":{"line":375,"column":2}},"locations":[{"start":{"line":30,"column":18},"end":{"line":375,"column":2}}]},"1":{"type":"branch","line":205,"loc":{"start":{"line":205,"column":18},"end":{"line":206,"column":43}},"locations":[{"start":{"line":205,"column":18},"end":{"line":206,"column":43}}]},"2":{"type":"branch","line":213,"loc":{"start":{"line":213,"column":17},"end":{"line":216,"column":24}},"locations":[{"start":{"line":213,"column":17},"end":{"line":216,"column":24}}]},"3":{"type":"branch","line":219,"loc":{"start":{"line":219,"column":32},"end":{"line":227,"column":22}},"locations":[{"start":{"line":219,"column":32},"end":{"line":227,"column":22}}]},"4":{"type":"branch","line":222,"loc":{"start":{"line":222,"column":63},"end":{"line":222,"column":75}},"locations":[{"start":{"line":222,"column":63},"end":{"line":222,"column":75}}]},"5":{"type":"branch","line":235,"loc":{"start":{"line":235,"column":27},"end":{"line":250,"column":18}},"locations":[{"start":{"line":235,"column":27},"end":{"line":250,"column":18}}]},"6":{"type":"branch","line":252,"loc":{"start":{"line":252,"column":27},"end":{"line":364,"column":18}},"locations":[{"start":{"line":252,"column":27},"end":{"line":364,"column":18}}]},"7":{"type":"branch","line":261,"loc":{"start":{"line":261,"column":51},"end":{"line":261,"column":107}},"locations":[{"start":{"line":261,"column":51},"end":{"line":261,"column":107}}]},"8":{"type":"branch","line":270,"loc":{"start":{"line":270,"column":49},"end":{"line":270,"column":107}},"locations":[{"start":{"line":270,"column":49},"end":{"line":270,"column":107}}]},"9":{"type":"branch","line":276,"loc":{"start":{"line":276,"column":47},"end":{"line":276,"column":108}},"locations":[{"start":{"line":276,"column":47},"end":{"line":276,"column":108}}]},"10":{"type":"branch","line":282,"loc":{"start":{"line":282,"column":51},"end":{"line":282,"column":111}},"locations":[{"start":{"line":282,"column":51},"end":{"line":282,"column":111}}]},"11":{"type":"branch","line":288,"loc":{"start":{"line":288,"column":53},"end":{"line":288,"column":114}},"locations":[{"start":{"line":288,"column":53},"end":{"line":288,"column":114}}]},"12":{"type":"branch","line":294,"loc":{"start":{"line":294,"column":56},"end":{"line":294,"column":120}},"locations":[{"start":{"line":294,"column":56},"end":{"line":294,"column":120}}]},"13":{"type":"branch","line":300,"loc":{"start":{"line":300,"column":56},"end":{"line":300,"column":125}},"locations":[{"start":{"line":300,"column":56},"end":{"line":300,"column":125}}]},"14":{"type":"branch","line":306,"loc":{"start":{"line":306,"column":49},"end":{"line":306,"column":114}},"locations":[{"start":{"line":306,"column":49},"end":{"line":306,"column":114}}]},"15":{"type":"branch","line":364,"loc":{"start":{"line":364,"column":12},"end":{"line":369,"column":18}},"locations":[{"start":{"line":364,"column":12},"end":{"line":369,"column":18}}]},"16":{"type":"branch","line":38,"loc":{"start":{"line":38,"column":12},"end":{"line":66,"column":5}},"locations":[{"start":{"line":38,"column":12},"end":{"line":66,"column":5}}]},"17":{"type":"branch","line":39,"loc":{"start":{"line":39,"column":52},"end":{"line":39,"column":61}},"locations":[{"start":{"line":39,"column":52},"end":{"line":39,"column":61}}]},"18":{"type":"branch","line":41,"loc":{"start":{"line":41,"column":12},"end":{"line":41,"column":29}},"locations":[{"start":{"line":41,"column":12},"end":{"line":41,"column":29}}]},"19":{"type":"branch","line":42,"loc":{"start":{"line":42,"column":12},"end":{"line":64,"column":7}},"locations":[{"start":{"line":42,"column":12},"end":{"line":64,"column":7}}]},"20":{"type":"branch","line":44,"loc":{"start":{"line":44,"column":29},"end":{"line":49,"column":9}},"locations":[{"start":{"line":44,"column":29},"end":{"line":49,"column":9}}]},"21":{"type":"branch","line":50,"loc":{"start":{"line":50,"column":70},"end":{"line":58,"column":10}},"locations":[{"start":{"line":50,"column":70},"end":{"line":58,"column":10}}]},"22":{"type":"branch","line":55,"loc":{"start":{"line":55,"column":21},"end":{"line":55,"column":32}},"locations":[{"start":{"line":55,"column":21},"end":{"line":55,"column":32}}]},"23":{"type":"branch","line":56,"loc":{"start":{"line":56,"column":23},"end":{"line":56,"column":36}},"locations":[{"start":{"line":56,"column":23},"end":{"line":56,"column":36}}]},"24":{"type":"branch","line":57,"loc":{"start":{"line":57,"column":26},"end":{"line":57,"column":50}},"locations":[{"start":{"line":57,"column":26},"end":{"line":57,"column":50}}]},"25":{"type":"branch","line":60,"loc":{"start":{"line":60,"column":43},"end":{"line":60,"column":83}},"locations":[{"start":{"line":60,"column":43},"end":{"line":60,"column":83}}]},"26":{"type":"branch","line":68,"loc":{"start":{"line":68,"column":30},"end":{"line":71,"column":4}},"locations":[{"start":{"line":68,"column":30},"end":{"line":71,"column":4}}]},"27":{"type":"branch","line":69,"loc":{"start":{"line":69,"column":37},"end":{"line":69,"column":61}},"locations":[{"start":{"line":69,"column":37},"end":{"line":69,"column":61}}]},"28":{"type":"branch","line":81,"loc":{"start":{"line":81,"column":37},"end":{"line":98,"column":4}},"locations":[{"start":{"line":81,"column":37},"end":{"line":98,"column":4}}]},"29":{"type":"branch","line":83,"loc":{"start":{"line":83,"column":8},"end":{"line":84,"column":63}},"locations":[{"start":{"line":83,"column":8},"end":{"line":84,"column":63}}]},"30":{"type":"branch","line":86,"loc":{"start":{"line":86,"column":30},"end":{"line":97,"column":5}},"locations":[{"start":{"line":86,"column":30},"end":{"line":97,"column":5}}]},"31":{"type":"branch","line":87,"loc":{"start":{"line":87,"column":52},"end":{"line":87,"column":59}},"locations":[{"start":{"line":87,"column":52},"end":{"line":87,"column":59}}]},"32":{"type":"branch","line":88,"loc":{"start":{"line":88,"column":52},"end":{"line":88,"column":59}},"locations":[{"start":{"line":88,"column":52},"end":{"line":88,"column":59}}]},"33":{"type":"branch","line":91,"loc":{"start":{"line":91,"column":58},"end":{"line":91,"column":83}},"locations":[{"start":{"line":91,"column":58},"end":{"line":91,"column":83}}]},"34":{"type":"branch","line":92,"loc":{"start":{"line":92,"column":6},"end":{"line":95,"column":54}},"locations":[{"start":{"line":92,"column":6},"end":{"line":95,"column":54}}]},"35":{"type":"branch","line":95,"loc":{"start":{"line":95,"column":53},"end":{"line":96,"column":55}},"locations":[{"start":{"line":95,"column":53},"end":{"line":96,"column":55}}]},"36":{"type":"branch","line":100,"loc":{"start":{"line":100,"column":29},"end":{"line":186,"column":4}},"locations":[{"start":{"line":100,"column":29},"end":{"line":186,"column":4}}]},"37":{"type":"branch","line":106,"loc":{"start":{"line":106,"column":32},"end":{"line":110,"column":7}},"locations":[{"start":{"line":106,"column":32},"end":{"line":110,"column":7}}]},"38":{"type":"branch","line":118,"loc":{"start":{"line":118,"column":20},"end":{"line":142,"column":49}},"locations":[{"start":{"line":118,"column":20},"end":{"line":142,"column":49}}]},"39":{"type":"branch","line":122,"loc":{"start":{"line":122,"column":6},"end":{"line":131,"column":24}},"locations":[{"start":{"line":122,"column":6},"end":{"line":131,"column":24}}]},"40":{"type":"branch","line":131,"loc":{"start":{"line":131,"column":24},"end":{"line":135,"column":7}},"locations":[{"start":{"line":131,"column":24},"end":{"line":135,"column":7}}]},"41":{"type":"branch","line":135,"loc":{"start":{"line":135,"column":6},"end":{"line":142,"column":49}},"locations":[{"start":{"line":135,"column":6},"end":{"line":142,"column":49}}]},"42":{"type":"branch","line":142,"loc":{"start":{"line":142,"column":49},"end":{"line":183,"column":6}},"locations":[{"start":{"line":142,"column":49},"end":{"line":183,"column":6}}]},"43":{"type":"branch","line":142,"loc":{"start":{"line":142,"column":49},"end":{"line":181,"column":13}},"locations":[{"start":{"line":142,"column":49},"end":{"line":181,"column":13}}]},"44":{"type":"branch","line":181,"loc":{"start":{"line":181,"column":4},"end":{"line":183,"column":6}},"locations":[{"start":{"line":181,"column":4},"end":{"line":183,"column":6}}]},"45":{"type":"branch","line":183,"loc":{"start":{"line":183,"column":4},"end":{"line":183,"column":6}},"locations":[{"start":{"line":183,"column":4},"end":{"line":183,"column":6}}]},"46":{"type":"branch","line":114,"loc":{"start":{"line":114,"column":16},"end":{"line":114,"column":67}},"locations":[{"start":{"line":114,"column":16},"end":{"line":114,"column":67}}]},"47":{"type":"branch","line":115,"loc":{"start":{"line":115,"column":13},"end":{"line":115,"column":41}},"locations":[{"start":{"line":115,"column":13},"end":{"line":115,"column":41}}]},"48":{"type":"branch","line":151,"loc":{"start":{"line":151,"column":42},"end":{"line":173,"column":7}},"locations":[{"start":{"line":151,"column":42},"end":{"line":173,"column":7}}]},"49":{"type":"branch","line":154,"loc":{"start":{"line":154,"column":12},"end":{"line":154,"column":44}},"locations":[{"start":{"line":154,"column":12},"end":{"line":154,"column":44}}]},"50":{"type":"branch","line":154,"loc":{"start":{"line":154,"column":35},"end":{"line":154,"column":65}},"locations":[{"start":{"line":154,"column":35},"end":{"line":154,"column":65}}]},"51":{"type":"branch","line":154,"loc":{"start":{"line":154,"column":65},"end":{"line":169,"column":15}},"locations":[{"start":{"line":154,"column":65},"end":{"line":169,"column":15}}]},"52":{"type":"branch","line":177,"loc":{"start":{"line":177,"column":8},"end":{"line":177,"column":76}},"locations":[{"start":{"line":177,"column":8},"end":{"line":177,"column":76}}]},"53":{"type":"branch","line":245,"loc":{"start":{"line":245,"column":45},"end":{"line":246,"column":67}},"locations":[{"start":{"line":245,"column":45},"end":{"line":246,"column":67}}]},"54":{"type":"branch","line":311,"loc":{"start":{"line":311,"column":52},"end":{"line":360,"column":25}},"locations":[{"start":{"line":311,"column":52},"end":{"line":360,"column":25}}]},"55":{"type":"branch","line":317,"loc":{"start":{"line":317,"column":31},"end":{"line":317,"column":43}},"locations":[{"start":{"line":317,"column":31},"end":{"line":317,"column":43}}]},"56":{"type":"branch","line":320,"loc":{"start":{"line":320,"column":31},"end":{"line":320,"column":45}},"locations":[{"start":{"line":320,"column":31},"end":{"line":320,"column":45}}]},"57":{"type":"branch","line":324,"loc":{"start":{"line":324,"column":33},"end":{"line":324,"column":57}},"locations":[{"start":{"line":324,"column":33},"end":{"line":324,"column":57}}]},"58":{"type":"branch","line":334,"loc":{"start":{"line":334,"column":31},"end":{"line":337,"column":33}},"locations":[{"start":{"line":334,"column":31},"end":{"line":337,"column":33}}]},"59":{"type":"branch","line":343,"loc":{"start":{"line":343,"column":31},"end":{"line":346,"column":33}},"locations":[{"start":{"line":343,"column":31},"end":{"line":346,"column":33}}]},"60":{"type":"branch","line":352,"loc":{"start":{"line":352,"column":49},"end":{"line":355,"column":33}},"locations":[{"start":{"line":352,"column":49},"end":{"line":355,"column":33}}]}},"b":{"0":[16],"1":[0],"2":[0],"3":[3],"4":[0],"5":[3],"6":[3],"7":[0],"8":[0],"9":[0],"10":[0],"11":[0],"12":[0],"13":[0],"14":[0],"15":[13],"16":[11],"17":[0],"18":[10],"19":[10],"20":[4],"21":[4],"22":[0],"23":[0],"24":[0],"25":[4],"26":[3],"27":[4],"28":[3],"29":[0],"30":[1],"31":[0],"32":[0],"33":[0],"34":[0],"35":[0],"36":[10],"37":[0],"38":[7],"39":[3],"40":[0],"41":[3],"42":[7],"43":[3],"44":[0],"45":[3],"46":[4],"47":[4],"48":[4],"49":[0],"50":[0],"51":[0],"52":[4],"53":[6],"54":[4],"55":[0],"56":[0],"57":[0],"58":[0],"59":[0],"60":[0]},"fnMap":{"0":{"name":"Portfolio","decl":{"start":{"line":30,"column":18},"end":{"line":375,"column":2}},"loc":{"start":{"line":30,"column":18},"end":{"line":375,"column":2}},"line":30},"1":{"name":"getUniqueAssetTypes","decl":{"start":{"line":68,"column":30},"end":{"line":71,"column":4}},"loc":{"start":{"line":68,"column":30},"end":{"line":71,"column":4}},"line":68},"2":{"name":"handleSort","decl":{"start":{"line":73,"column":21},"end":{"line":79,"column":4}},"loc":{"start":{"line":73,"column":21},"end":{"line":79,"column":4}},"line":73},"3":{"name":"getFilteredAndSortedAssets","decl":{"start":{"line":81,"column":37},"end":{"line":98,"column":4}},"loc":{"start":{"line":81,"column":37},"end":{"line":98,"column":4}},"line":81},"4":{"name":"fetchCurrentPrices","decl":{"start":{"line":100,"column":29},"end":{"line":186,"column":4}},"loc":{"start":{"line":100,"column":29},"end":{"line":186,"column":4}},"line":100},"5":{"name":"onChange","decl":{"start":{"line":242,"column":28},"end":{"line":242,"column":65}},"loc":{"start":{"line":242,"column":28},"end":{"line":242,"column":65}},"line":242},"6":{"name":"onClick","decl":{"start":{"line":258,"column":31},"end":{"line":258,"column":56}},"loc":{"start":{"line":258,"column":31},"end":{"line":258,"column":56}},"line":258},"7":{"name":"onClick","decl":{"start":{"line":267,"column":31},"end":{"line":267,"column":58}},"loc":{"start":{"line":267,"column":31},"end":{"line":267,"column":58}},"line":267},"8":{"name":"onClick","decl":{"start":{"line":273,"column":31},"end":{"line":273,"column":61}},"loc":{"start":{"line":273,"column":31},"end":{"line":273,"column":61}},"line":273},"9":{"name":"onClick","decl":{"start":{"line":279,"column":31},"end":{"line":279,"column":60}},"loc":{"start":{"line":279,"column":31},"end":{"line":279,"column":60}},"line":279},"10":{"name":"onClick","decl":{"start":{"line":285,"column":31},"end":{"line":285,"column":61}},"loc":{"start":{"line":285,"column":31},"end":{"line":285,"column":61}},"line":285},"11":{"name":"onClick","decl":{"start":{"line":291,"column":31},"end":{"line":291,"column":64}},"loc":{"start":{"line":291,"column":31},"end":{"line":291,"column":64}},"line":291},"12":{"name":"onClick","decl":{"start":{"line":297,"column":31},"end":{"line":297,"column":69}},"loc":{"start":{"line":297,"column":31},"end":{"line":297,"column":69}},"line":297},"13":{"name":"onClick","decl":{"start":{"line":303,"column":31},"end":{"line":303,"column":65}},"loc":{"start":{"line":303,"column":31},"end":{"line":303,"column":65}},"line":303}},"f":{"0":16,"1":3,"2":0,"3":3,"4":10,"5":0,"6":0,"7":0,"8":0,"9":0,"10":0,"11":0,"12":0,"13":0}}
,"/Users/sergi/Documents/UNIR/Q2_2025/Generacion_Codigo_Automatizacion_Desarrollo/Actividad 1/tradingApp/frontend/src/utils/portfolioUtils.ts": {"path":"/Users/sergi/Documents/UNIR/Q2_2025/Generacion_Codigo_Automatizacion_Desarrollo/Actividad 1/tradingApp/frontend/src/utils/portfolioUtils.ts","all":false,"statementMap":{"37":{"start":{"line":38,"column":0},"end":{"line":38,"column":71}},"38":{"start":{"line":39,"column":0},"end":{"line":39,"column":44}},"40":{"start":{"line":41,"column":0},"end":{"line":41,"column":43}},"41":{"start":{"line":42,"column":0},"end":{"line":42,"column":54}},"43":{"start":{"line":44,"column":0},"end":{"line":44,"column":28}},"44":{"start":{"line":45,"column":0},"end":{"line":45,"column":42}},"45":{"start":{"line":46,"column":0},"end":{"line":46,"column":69}},"46":{"start":{"line":47,"column":0},"end":{"line":47,"column":67}},"47":{"start":{"line":48,"column":0},"end":{"line":48,"column":70}},"48":{"start":{"line":49,"column":0},"end":{"line":49,"column":49}},"50":{"start":{"line":51,"column":0},"end":{"line":51,"column":25}},"51":{"start":{"line":52,"column":0},"end":{"line":52,"column":20}},"52":{"start":{"line":53,"column":0},"end":{"line":53,"column":32}},"53":{"start":{"line":54,"column":0},"end":{"line":54,"column":28}},"54":{"start":{"line":55,"column":0},"end":{"line":55,"column":30}},"55":{"start":{"line":56,"column":0},"end":{"line":56,"column":9}},"56":{"start":{"line":57,"column":0},"end":{"line":57,"column":12}},"57":{"start":{"line":58,"column":0},"end":{"line":58,"column":25}},"58":{"start":{"line":59,"column":0},"end":{"line":59,"column":32}},"59":{"start":{"line":60,"column":0},"end":{"line":60,"column":31}},"60":{"start":{"line":61,"column":0},"end":{"line":61,"column":35}},"61":{"start":{"line":62,"column":0},"end":{"line":62,"column":41}},"62":{"start":{"line":63,"column":0},"end":{"line":63,"column":39}},"63":{"start":{"line":64,"column":0},"end":{"line":64,"column":41}},"64":{"start":{"line":65,"column":0},"end":{"line":65,"column":43}},"65":{"start":{"line":66,"column":0},"end":{"line":66,"column":9}},"66":{"start":{"line":67,"column":0},"end":{"line":67,"column":5}},"67":{"start":{"line":68,"column":0},"end":{"line":68,"column":3}},"69":{"start":{"line":70,"column":0},"end":{"line":70,"column":39}},"70":{"start":{"line":71,"column":0},"end":{"line":71,"column":1}},"76":{"start":{"line":77,"column":0},"end":{"line":77,"column":66}},"77":{"start":{"line":78,"column":0},"end":{"line":78,"column":70}},"78":{"start":{"line":79,"column":0},"end":{"line":79,"column":1}},"84":{"start":{"line":85,"column":0},"end":{"line":85,"column":73}},"85":{"start":{"line":86,"column":0},"end":{"line":86,"column":42}},"86":{"start":{"line":87,"column":0},"end":{"line":87,"column":55}},"87":{"start":{"line":88,"column":0},"end":{"line":88,"column":59}},"88":{"start":{"line":89,"column":0},"end":{"line":89,"column":5}},"89":{"start":{"line":90,"column":0},"end":{"line":90,"column":36}},"90":{"start":{"line":91,"column":0},"end":{"line":91,"column":8}},"91":{"start":{"line":92,"column":0},"end":{"line":92,"column":1}},"97":{"start":{"line":98,"column":0},"end":{"line":98,"column":45}},"98":{"start":{"line":99,"column":0},"end":{"line":99,"column":20}},"99":{"start":{"line":100,"column":0},"end":{"line":100,"column":22}},"100":{"start":{"line":101,"column":0},"end":{"line":101,"column":43}},"101":{"start":{"line":102,"column":0},"end":{"line":102,"column":42}},"102":{"start":{"line":103,"column":0},"end":{"line":103,"column":68}},"104":{"start":{"line":105,"column":0},"end":{"line":105,"column":32}},"105":{"start":{"line":106,"column":0},"end":{"line":106,"column":1}},"111":{"start":{"line":112,"column":0},"end":{"line":112,"column":39}},"112":{"start":{"line":113,"column":0},"end":{"line":113,"column":18}},"113":{"start":{"line":114,"column":0},"end":{"line":114,"column":35}},"114":{"start":{"line":115,"column":0},"end":{"line":115,"column":12}},"115":{"start":{"line":116,"column":0},"end":{"line":116,"column":30}},"116":{"start":{"line":117,"column":0},"end":{"line":117,"column":49}},"118":{"start":{"line":119,"column":0},"end":{"line":119,"column":43}},"119":{"start":{"line":120,"column":0},"end":{"line":120,"column":62}},"120":{"start":{"line":121,"column":0},"end":{"line":121,"column":57}},"121":{"start":{"line":122,"column":0},"end":{"line":122,"column":66}},"123":{"start":{"line":124,"column":0},"end":{"line":124,"column":14}},"124":{"start":{"line":125,"column":0},"end":{"line":125,"column":17}},"125":{"start":{"line":126,"column":0},"end":{"line":126,"column":21}},"126":{"start":{"line":127,"column":0},"end":{"line":127,"column":26}},"127":{"start":{"line":128,"column":0},"end":{"line":128,"column":20}},"128":{"start":{"line":129,"column":0},"end":{"line":129,"column":22}},"129":{"start":{"line":130,"column":0},"end":{"line":130,"column":8}},"130":{"start":{"line":131,"column":0},"end":{"line":131,"column":5}},"132":{"start":{"line":133,"column":0},"end":{"line":133,"column":17}},"133":{"start":{"line":134,"column":0},"end":{"line":134,"column":5}},"134":{"start":{"line":135,"column":0},"end":{"line":135,"column":1}},"140":{"start":{"line":141,"column":0},"end":{"line":141,"column":76}},"141":{"start":{"line":142,"column":0},"end":{"line":142,"column":32}},"142":{"start":{"line":143,"column":0},"end":{"line":143,"column":18}},"143":{"start":{"line":144,"column":0},"end":{"line":144,"column":3}},"144":{"start":{"line":145,"column":0},"end":{"line":145,"column":58}},"145":{"start":{"line":146,"column":0},"end":{"line":146,"column":1}},"151":{"start":{"line":152,"column":0},"end":{"line":152,"column":64}},"152":{"start":{"line":153,"column":0},"end":{"line":153,"column":41}},"153":{"start":{"line":154,"column":0},"end":{"line":154,"column":27}},"154":{"start":{"line":155,"column":0},"end":{"line":155,"column":26}},"155":{"start":{"line":156,"column":0},"end":{"line":156,"column":33}},"156":{"start":{"line":157,"column":0},"end":{"line":157,"column":5}},"157":{"start":{"line":158,"column":0},"end":{"line":158,"column":5}},"158":{"start":{"line":159,"column":0},"end":{"line":159,"column":27}},"159":{"start":{"line":160,"column":0},"end":{"line":160,"column":1}},"165":{"start":{"line":166,"column":0},"end":{"line":166,"column":27}},"166":{"start":{"line":167,"column":0},"end":{"line":167,"column":18}},"167":{"start":{"line":168,"column":0},"end":{"line":168,"column":23}},"168":{"start":{"line":169,"column":0},"end":{"line":169,"column":27}},"169":{"start":{"line":170,"column":0},"end":{"line":170,"column":12}},"170":{"start":{"line":171,"column":0},"end":{"line":171,"column":37}},"171":{"start":{"line":172,"column":0},"end":{"line":172,"column":30}},"172":{"start":{"line":173,"column":0},"end":{"line":173,"column":30}},"174":{"start":{"line":175,"column":0},"end":{"line":175,"column":55}},"175":{"start":{"line":176,"column":0},"end":{"line":176,"column":15}},"176":{"start":{"line":177,"column":0},"end":{"line":177,"column":5}},"178":{"start":{"line":179,"column":0},"end":{"line":179,"column":67}},"179":{"start":{"line":180,"column":0},"end":{"line":180,"column":32}},"180":{"start":{"line":181,"column":0},"end":{"line":181,"column":38}},"181":{"start":{"line":182,"column":0},"end":{"line":182,"column":39}},"182":{"start":{"line":183,"column":0},"end":{"line":183,"column":5}},"184":{"start":{"line":185,"column":0},"end":{"line":185,"column":67}},"185":{"start":{"line":186,"column":0},"end":{"line":186,"column":69}},"186":{"start":{"line":187,"column":0},"end":{"line":187,"column":5}},"188":{"start":{"line":189,"column":0},"end":{"line":189,"column":13}},"189":{"start":{"line":190,"column":0},"end":{"line":190,"column":5}},"190":{"start":{"line":191,"column":0},"end":{"line":191,"column":1}},"195":{"start":{"line":196,"column":0},"end":{"line":196,"column":81}},"196":{"start":{"line":197,"column":0},"end":{"line":197,"column":41}},"197":{"start":{"line":198,"column":0},"end":{"line":198,"column":22}},"198":{"start":{"line":199,"column":0},"end":{"line":199,"column":13}},"199":{"start":{"line":200,"column":0},"end":{"line":200,"column":29}},"200":{"start":{"line":201,"column":0},"end":{"line":201,"column":29}},"201":{"start":{"line":202,"column":0},"end":{"line":202,"column":19}},"202":{"start":{"line":203,"column":0},"end":{"line":203,"column":1}},"207":{"start":{"line":208,"column":0},"end":{"line":208,"column":57}},"208":{"start":{"line":209,"column":0},"end":{"line":209,"column":37}},"209":{"start":{"line":210,"column":0},"end":{"line":210,"column":39}},"210":{"start":{"line":211,"column":0},"end":{"line":211,"column":1}}},"s":{"37":1,"38":4,"40":4,"41":5,"43":5,"44":1,"45":1,"46":1,"47":1,"48":1,"50":1,"51":1,"52":1,"53":1,"54":1,"55":1,"56":5,"57":4,"58":4,"59":4,"60":4,"61":4,"62":4,"63":4,"64":4,"65":4,"66":4,"67":5,"69":4,"70":4,"76":1,"77":3,"78":3,"84":1,"85":3,"86":5,"87":3,"88":3,"89":2,"90":3,"91":3,"97":1,"98":4,"99":4,"100":4,"101":4,"102":4,"104":4,"105":4,"111":1,"112":3,"113":3,"114":3,"115":3,"116":3,"118":3,"119":1,"120":1,"121":1,"123":1,"124":1,"125":1,"126":1,"127":1,"128":1,"129":1,"130":1,"132":2,"133":3,"134":3,"140":1,"141":3,"142":2,"143":2,"144":1,"145":1,"151":1,"152":2,"153":2,"154":3,"155":3,"156":3,"157":2,"158":2,"159":2,"165":1,"166":5,"167":5,"168":5,"169":5,"170":5,"171":5,"172":5,"174":5,"175":0,"176":0,"178":5,"179":3,"180":2,"181":1,"182":3,"184":5,"185":2,"186":2,"188":0,"189":5,"190":5,"195":1,"196":3,"197":3,"198":3,"199":3,"200":3,"201":3,"202":3,"207":1,"208":3,"209":3,"210":3},"branchMap":{"0":{"type":"branch","line":38,"loc":{"start":{"line":38,"column":7},"end":{"line":71,"column":1}},"locations":[{"start":{"line":38,"column":7},"end":{"line":71,"column":1}}]},"1":{"type":"branch","line":41,"loc":{"start":{"line":41,"column":42},"end":{"line":68,"column":3}},"locations":[{"start":{"line":41,"column":42},"end":{"line":68,"column":3}}]},"2":{"type":"branch","line":42,"loc":{"start":{"line":42,"column":28},"end":{"line":42,"column":54}},"locations":[{"start":{"line":42,"column":28},"end":{"line":42,"column":54}}]},"3":{"type":"branch","line":44,"loc":{"start":{"line":44,"column":27},"end":{"line":57,"column":11}},"locations":[{"start":{"line":44,"column":27},"end":{"line":57,"column":11}}]},"4":{"type":"branch","line":57,"loc":{"start":{"line":57,"column":4},"end":{"line":67,"column":5}},"locations":[{"start":{"line":57,"column":4},"end":{"line":67,"column":5}}]},"5":{"type":"branch","line":77,"loc":{"start":{"line":77,"column":7},"end":{"line":79,"column":1}},"locations":[{"start":{"line":77,"column":7},"end":{"line":79,"column":1}}]},"6":{"type":"branch","line":78,"loc":{"start":{"line":78,"column":23},"end":{"line":78,"column":67}},"locations":[{"start":{"line":78,"column":23},"end":{"line":78,"column":67}}]},"7":{"type":"branch","line":85,"loc":{"start":{"line":85,"column":7},"end":{"line":92,"column":1}},"locations":[{"start":{"line":85,"column":7},"end":{"line":92,"column":1}}]},"8":{"type":"branch","line":86,"loc":{"start":{"line":86,"column":23},"end":{"line":91,"column":5}},"locations":[{"start":{"line":86,"column":23},"end":{"line":91,"column":5}}]},"9":{"type":"branch","line":87,"loc":{"start":{"line":87,"column":14},"end":{"line":87,"column":54}},"locations":[{"start":{"line":87,"column":14},"end":{"line":87,"column":54}}]},"10":{"type":"branch","line":87,"loc":{"start":{"line":87,"column":54},"end":{"line":89,"column":5}},"locations":[{"start":{"line":87,"column":54},"end":{"line":89,"column":5}}]},"11":{"type":"branch","line":89,"loc":{"start":{"line":89,"column":4},"end":{"line":90,"column":36}},"locations":[{"start":{"line":89,"column":4},"end":{"line":90,"column":36}}]},"12":{"type":"branch","line":98,"loc":{"start":{"line":98,"column":7},"end":{"line":106,"column":1}},"locations":[{"start":{"line":98,"column":7},"end":{"line":106,"column":1}}]},"13":{"type":"branch","line":103,"loc":{"start":{"line":103,"column":33},"end":{"line":103,"column":66}},"locations":[{"start":{"line":103,"column":33},"end":{"line":103,"column":66}}]},"14":{"type":"branch","line":103,"loc":{"start":{"line":103,"column":60},"end":{"line":103,"column":68}},"locations":[{"start":{"line":103,"column":60},"end":{"line":103,"column":68}}]},"15":{"type":"branch","line":112,"loc":{"start":{"line":112,"column":7},"end":{"line":135,"column":1}},"locations":[{"start":{"line":112,"column":7},"end":{"line":135,"column":1}}]},"16":{"type":"branch","line":116,"loc":{"start":{"line":116,"column":20},"end":{"line":134,"column":3}},"locations":[{"start":{"line":116,"column":20},"end":{"line":134,"column":3}}]},"17":{"type":"branch","line":119,"loc":{"start":{"line":119,"column":8},"end":{"line":119,"column":42}},"locations":[{"start":{"line":119,"column":8},"end":{"line":119,"column":42}}]},"18":{"type":"branch","line":119,"loc":{"start":{"line":119,"column":42},"end":{"line":131,"column":5}},"locations":[{"start":{"line":119,"column":42},"end":{"line":131,"column":5}}]},"19":{"type":"branch","line":131,"loc":{"start":{"line":131,"column":4},"end":{"line":133,"column":17}},"locations":[{"start":{"line":131,"column":4},"end":{"line":133,"column":17}}]},"20":{"type":"branch","line":141,"loc":{"start":{"line":141,"column":7},"end":{"line":146,"column":1}},"locations":[{"start":{"line":141,"column":7},"end":{"line":146,"column":1}}]},"21":{"type":"branch","line":142,"loc":{"start":{"line":142,"column":15},"end":{"line":142,"column":31}},"locations":[{"start":{"line":142,"column":15},"end":{"line":142,"column":31}}]},"22":{"type":"branch","line":142,"loc":{"start":{"line":142,"column":31},"end":{"line":144,"column":3}},"locations":[{"start":{"line":142,"column":31},"end":{"line":144,"column":3}}]},"23":{"type":"branch","line":144,"loc":{"start":{"line":144,"column":2},"end":{"line":146,"column":1}},"locations":[{"start":{"line":144,"column":2},"end":{"line":146,"column":1}}]},"24":{"type":"branch","line":145,"loc":{"start":{"line":145,"column":23},"end":{"line":145,"column":56}},"locations":[{"start":{"line":145,"column":23},"end":{"line":145,"column":56}}]},"25":{"type":"branch","line":152,"loc":{"start":{"line":152,"column":7},"end":{"line":160,"column":1}},"locations":[{"start":{"line":152,"column":7},"end":{"line":160,"column":1}}]},"26":{"type":"branch","line":154,"loc":{"start":{"line":154,"column":17},"end":{"line":158,"column":3}},"locations":[{"start":{"line":154,"column":17},"end":{"line":158,"column":3}}]},"27":{"type":"branch","line":166,"loc":{"start":{"line":166,"column":7},"end":{"line":191,"column":1}},"locations":[{"start":{"line":166,"column":7},"end":{"line":191,"column":1}}]},"28":{"type":"branch","line":171,"loc":{"start":{"line":171,"column":26},"end":{"line":190,"column":3}},"locations":[{"start":{"line":171,"column":26},"end":{"line":190,"column":3}}]},"29":{"type":"branch","line":175,"loc":{"start":{"line":175,"column":54},"end":{"line":177,"column":5}},"locations":[{"start":{"line":175,"column":54},"end":{"line":177,"column":5}}]},"30":{"type":"branch","line":179,"loc":{"start":{"line":179,"column":26},"end":{"line":179,"column":66}},"locations":[{"start":{"line":179,"column":26},"end":{"line":179,"column":66}}]},"31":{"type":"branch","line":179,"loc":{"start":{"line":179,"column":66},"end":{"line":183,"column":5}},"locations":[{"start":{"line":179,"column":66},"end":{"line":183,"column":5}}]},"32":{"type":"branch","line":180,"loc":{"start":{"line":180,"column":27},"end":{"line":181,"column":38}},"locations":[{"start":{"line":180,"column":27},"end":{"line":181,"column":38}}]},"33":{"type":"branch","line":181,"loc":{"start":{"line":181,"column":37},"end":{"line":182,"column":39}},"locations":[{"start":{"line":181,"column":37},"end":{"line":182,"column":39}}]},"34":{"type":"branch","line":183,"loc":{"start":{"line":183,"column":4},"end":{"line":185,"column":66}},"locations":[{"start":{"line":183,"column":4},"end":{"line":185,"column":66}}]},"35":{"type":"branch","line":185,"loc":{"start":{"line":185,"column":66},"end":{"line":187,"column":5}},"locations":[{"start":{"line":185,"column":66},"end":{"line":187,"column":5}}]},"36":{"type":"branch","line":186,"loc":{"start":{"line":186,"column":27},"end":{"line":186,"column":53}},"locations":[{"start":{"line":186,"column":27},"end":{"line":186,"column":53}}]},"37":{"type":"branch","line":186,"loc":{"start":{"line":186,"column":44},"end":{"line":186,"column":69}},"locations":[{"start":{"line":186,"column":44},"end":{"line":186,"column":69}}]},"38":{"type":"branch","line":187,"loc":{"start":{"line":187,"column":4},"end":{"line":189,"column":13}},"locations":[{"start":{"line":187,"column":4},"end":{"line":189,"column":13}}]},"39":{"type":"branch","line":196,"loc":{"start":{"line":196,"column":7},"end":{"line":203,"column":1}},"locations":[{"start":{"line":196,"column":7},"end":{"line":203,"column":1}}]},"40":{"type":"branch","line":208,"loc":{"start":{"line":208,"column":7},"end":{"line":211,"column":1}},"locations":[{"start":{"line":208,"column":7},"end":{"line":211,"column":1}}]},"41":{"type":"branch","line":209,"loc":{"start":{"line":209,"column":24},"end":{"line":209,"column":34}},"locations":[{"start":{"line":209,"column":24},"end":{"line":209,"column":34}}]},"42":{"type":"branch","line":209,"loc":{"start":{"line":209,"column":28},"end":{"line":209,"column":37}},"locations":[{"start":{"line":209,"column":28},"end":{"line":209,"column":37}}]}},"b":{"0":[4],"1":[5],"2":[0],"3":[1],"4":[4],"5":[3],"6":[3],"7":[3],"8":[5],"9":[3],"10":[3],"11":[2],"12":[4],"13":[3],"14":[1],"15":[3],"16":[3],"17":[1],"18":[1],"19":[2],"20":[3],"21":[2],"22":[2],"23":[1],"24":[2],"25":[2],"26":[3],"27":[5],"28":[5],"29":[0],"30":[3],"31":[3],"32":[2],"33":[1],"34":[2],"35":[2],"36":[1],"37":[1],"38":[0],"39":[3],"40":[3],"41":[2],"42":[1]},"fnMap":{"0":{"name":"aggregateAssets","decl":{"start":{"line":38,"column":7},"end":{"line":71,"column":1}},"loc":{"start":{"line":38,"column":7},"end":{"line":71,"column":1}},"line":38},"1":{"name":"calculatePortfolioValue","decl":{"start":{"line":77,"column":7},"end":{"line":79,"column":1}},"loc":{"start":{"line":77,"column":7},"end":{"line":79,"column":1}},"line":77},"2":{"name":"calculateCurrentPortfolioValue","decl":{"start":{"line":85,"column":7},"end":{"line":92,"column":1}},"loc":{"start":{"line":85,"column":7},"end":{"line":92,"column":1}},"line":85},"3":{"name":"calculatePortfolioProfitLoss","decl":{"start":{"line":98,"column":7},"end":{"line":106,"column":1}},"loc":{"start":{"line":98,"column":7},"end":{"line":106,"column":1}},"line":98},"4":{"name":"updateAssetsWithPrices","decl":{"start":{"line":112,"column":7},"end":{"line":135,"column":1}},"loc":{"start":{"line":112,"column":7},"end":{"line":135,"column":1}},"line":112},"5":{"name":"filterAssetsByType","decl":{"start":{"line":141,"column":7},"end":{"line":146,"column":1}},"loc":{"start":{"line":141,"column":7},"end":{"line":146,"column":1}},"line":141},"6":{"name":"getUniqueAssetTypes","decl":{"start":{"line":152,"column":7},"end":{"line":160,"column":1}},"loc":{"start":{"line":152,"column":7},"end":{"line":160,"column":1}},"line":152},"7":{"name":"sortAssets","decl":{"start":{"line":166,"column":7},"end":{"line":191,"column":1}},"loc":{"start":{"line":166,"column":7},"end":{"line":191,"column":1}},"line":166},"8":{"name":"formatCurrency","decl":{"start":{"line":196,"column":7},"end":{"line":203,"column":1}},"loc":{"start":{"line":196,"column":7},"end":{"line":203,"column":1}},"line":196},"9":{"name":"formatPercentage","decl":{"start":{"line":208,"column":7},"end":{"line":211,"column":1}},"loc":{"start":{"line":208,"column":7},"end":{"line":211,"column":1}},"line":208}},"f":{"0":4,"1":3,"2":3,"3":4,"4":3,"5":3,"6":2,"7":5,"8":3,"9":3}}
}
