TN:
SF:src/App.tsx
FN:7,App
FNF:1
FNH:1
FNDA:3,App
DA:1,1
DA:2,1
DA:3,1
DA:4,1
DA:5,1
DA:7,3
DA:8,3
DA:9,3
DA:10,3
DA:11,3
DA:12,3
DA:13,3
DA:14,3
DA:15,3
DA:16,3
DA:18,3
DA:20,1
LF:17
LH:17
BRDA:7,0,0,3
BRF:1
BRH:1
end_of_record
TN:
SF:src/components/Client.tsx
FN:10,Client
FN:15,handleFileChange
FN:30,handleUpload
FNF:3
FNH:3
FNDA:18,Client
FNDA:2,handleFileChange
FNDA:2,handleUpload
DA:1,1
DA:2,1
DA:10,1
DA:11,18
DA:12,18
DA:13,18
DA:15,18
DA:16,2
DA:17,2
DA:18,2
DA:19,2
DA:21,18
DA:23,18
DA:24,9
DA:25,9
DA:26,9
DA:27,9
DA:28,18
DA:30,18
DA:31,2
DA:32,2
DA:33,2
DA:34,2
DA:35,2
DA:36,2
DA:37,2
DA:38,2
DA:39,2
DA:40,2
DA:41,2
DA:42,1
DA:43,1
DA:44,1
DA:45,1
DA:46,1
DA:47,1
DA:48,1
DA:49,1
DA:50,1
DA:51,1
DA:52,2
DA:53,0
DA:54,0
DA:55,2
DA:56,2
DA:57,2
DA:58,2
DA:59,2
DA:61,18
DA:62,18
DA:63,18
DA:65,18
DA:66,18
DA:67,18
DA:68,18
DA:70,18
DA:72,18
DA:73,18
DA:74,18
DA:75,1
DA:76,1
DA:77,1
DA:78,1
DA:79,1
DA:80,1
DA:81,1
DA:82,1
DA:83,1
DA:84,1
DA:85,1
DA:86,1
DA:87,1
DA:88,1
DA:89,1
DA:90,1
DA:91,1
DA:92,1
DA:93,1
DA:94,1
DA:95,1
DA:96,1
DA:97,1
DA:98,1
DA:100,17
DA:101,17
DA:102,17
DA:103,17
DA:104,17
DA:105,17
DA:106,17
DA:108,18
DA:111,18
DA:112,18
DA:113,18
DA:114,18
DA:115,18
DA:117,18
DA:118,18
DA:119,18
DA:120,18
DA:121,18
DA:122,18
DA:123,18
DA:124,18
DA:125,18
DA:126,18
DA:127,18
DA:128,18
DA:129,18
DA:130,18
DA:131,18
DA:132,18
DA:133,18
DA:134,18
DA:135,18
DA:136,18
DA:138,18
DA:139,18
DA:140,18
DA:141,18
DA:143,18
DA:144,2
DA:145,2
DA:147,2
DA:149,16
DA:151,18
DA:153,18
DA:154,7
DA:155,7
DA:156,7
DA:158,18
DA:159,18
DA:160,18
DA:161,18
DA:162,18
DA:164,18
DA:166,1
LF:137
LH:135
BRDA:10,0,0,18
BRDA:74,1,0,1
BRDA:98,2,0,17
BRDA:130,3,0,7
BRDA:130,4,0,11
BRDA:140,5,0,7
BRDA:143,6,0,2
BRDA:147,7,0,16
BRDA:153,8,0,7
BRDA:15,9,0,2
BRDA:23,10,0,9
BRDA:25,11,0,9
BRDA:30,12,0,2
BRDA:41,13,0,1
BRDA:52,14,0,0
BRF:15
BRH:14
end_of_record
TN:
SF:src/components/Header.tsx
FN:4,Header
FNF:1
FNH:1
FNDA:9,Header
DA:1,1
DA:2,1
DA:4,1
DA:5,9
DA:6,9
DA:7,9
DA:8,9
DA:9,9
DA:10,9
DA:11,9
DA:12,9
DA:13,9
DA:14,9
DA:15,9
DA:17,9
DA:18,9
DA:19,9
DA:20,9
DA:21,9
DA:22,9
DA:24,9
DA:25,9
DA:26,9
DA:27,9
DA:28,9
DA:29,9
DA:31,9
DA:32,9
DA:33,9
DA:34,9
DA:35,9
DA:36,9
DA:37,9
DA:39,9
DA:41,1
LF:35
LH:35
BRDA:4,0,0,9
BRF:1
BRH:1
end_of_record
TN:
SF:src/components/History.tsx
FN:16,History
FN:29,handleSort
FN:43,SortIcon
FN:76,onClick
FNF:4
FNH:4
FNDA:11,History
FNDA:1,handleSort
FNDA:21,SortIcon
FNDA:1,onClick
DA:1,1
DA:2,1
DA:16,1
DA:17,11
DA:18,11
DA:19,11
DA:21,11
DA:22,6
DA:23,6
DA:24,6
DA:25,6
DA:26,6
DA:27,11
DA:29,11
DA:30,1
DA:31,1
DA:32,1
DA:33,1
DA:35,11
DA:36,2
DA:37,2
DA:38,2
DA:39,2
DA:40,0
DA:41,11
DA:43,11
DA:44,21
DA:45,21
DA:46,21
DA:48,11
DA:49,11
DA:50,11
DA:52,11
DA:53,11
DA:54,11
DA:55,11
DA:58,11
DA:59,11
DA:60,3
DA:61,3
DA:62,3
DA:63,3
DA:64,3
DA:65,3
DA:66,3
DA:67,3
DA:68,3
DA:69,3
DA:70,3
DA:71,3
DA:72,3
DA:73,21
DA:74,21
DA:75,21
DA:76,21
DA:78,21
DA:79,21
DA:80,21
DA:81,21
DA:82,21
DA:83,3
DA:84,3
DA:85,3
DA:86,3
DA:87,3
DA:88,5
DA:89,5
DA:90,5
DA:91,5
DA:92,5
DA:93,5
DA:94,5
DA:95,5
DA:96,5
DA:97,5
DA:98,5
DA:99,5
DA:100,5
DA:101,5
DA:102,5
DA:103,5
DA:104,5
DA:105,5
DA:106,5
DA:107,5
DA:108,5
DA:109,5
DA:110,5
DA:111,5
DA:112,5
DA:113,3
DA:114,3
DA:115,3
DA:116,3
DA:118,8
DA:119,8
DA:120,8
DA:121,8
DA:123,11
DA:124,11
DA:125,11
DA:127,11
DA:129,1
LF:103
LH:102
BRDA:16,0,0,11
BRDA:59,1,0,3
BRDA:116,2,0,8
BRDA:21,3,0,6
BRDA:22,4,0,0
BRDA:24,5,0,5
BRDA:29,6,0,1
BRDA:30,7,0,0
BRDA:30,8,0,0
BRDA:35,9,0,2
BRDA:38,10,0,0
BRDA:39,11,0,1
BRDA:39,12,0,1
BRDA:39,13,0,0
BRDA:43,14,0,21
BRDA:44,15,0,18
BRDA:44,16,0,3
BRDA:45,17,0,1
BRDA:45,18,0,2
BRDA:72,19,0,21
BRDA:76,20,0,1
BRDA:87,21,0,5
BRDA:96,22,0,0
BRDA:100,23,0,0
BRF:24
BRH:17
end_of_record
TN:
SF:src/components/Portfolio.tsx
FN:30,Portfolio
FN:68,getUniqueAssetTypes
FN:73,handleSort
FN:81,getFilteredAndSortedAssets
FN:100,fetchCurrentPrices
FN:242,onChange
FN:258,onClick
FN:267,onClick
FN:273,onClick
FN:279,onClick
FN:285,onClick
FN:291,onClick
FN:297,onClick
FN:303,onClick
FNF:14
FNH:4
FNDA:16,Portfolio
FNDA:3,getUniqueAssetTypes
FNDA:0,handleSort
FNDA:3,getFilteredAndSortedAssets
FNDA:10,fetchCurrentPrices
FNDA:0,onChange
FNDA:0,onClick
FNDA:0,onClick
FNDA:0,onClick
FNDA:0,onClick
FNDA:0,onClick
FNDA:0,onClick
FNDA:0,onClick
FNDA:0,onClick
DA:1,1
DA:30,1
DA:31,16
DA:32,16
DA:33,16
DA:34,16
DA:35,16
DA:36,16
DA:38,16
DA:39,11
DA:40,11
DA:41,11
DA:42,11
DA:43,10
DA:44,10
DA:45,4
DA:46,4
DA:47,4
DA:48,4
DA:49,10
DA:50,10
DA:51,4
DA:52,4
DA:53,4
DA:54,4
DA:55,4
DA:56,4
DA:57,4
DA:58,10
DA:59,10
DA:60,10
DA:63,10
DA:64,11
DA:65,11
DA:66,16
DA:68,16
DA:69,3
DA:70,3
DA:71,3
DA:73,16
DA:74,0
DA:75,0
DA:76,0
DA:77,0
DA:78,0
DA:79,0
DA:81,16
DA:82,3
DA:83,3
DA:84,0
DA:86,3
DA:87,1
DA:88,1
DA:90,1
DA:91,1
DA:92,1
DA:94,0
DA:95,0
DA:96,0
DA:97,3
DA:98,3
DA:100,16
DA:101,10
DA:102,10
DA:104,10
DA:106,10
DA:107,0
DA:108,0
DA:109,0
DA:110,0
DA:113,10
DA:114,10
DA:115,10
DA:116,10
DA:118,10
DA:119,7
DA:120,7
DA:121,7
DA:122,7
DA:124,3
DA:127,3
DA:128,3
DA:129,3
DA:131,7
DA:132,0
DA:133,0
DA:134,0
DA:135,0
DA:137,3
DA:138,3
DA:141,3
DA:142,10
DA:143,3
DA:144,0
DA:145,0
DA:146,0
DA:147,3
DA:148,3
DA:151,3
DA:152,4
DA:154,4
DA:155,0
DA:156,0
DA:157,0
DA:158,0
DA:160,0
DA:162,0
DA:163,0
DA:164,0
DA:165,0
DA:166,0
DA:167,0
DA:168,0
DA:169,4
DA:170,4
DA:171,4
DA:172,4
DA:173,3
DA:175,3
DA:176,3
DA:177,3
DA:178,3
DA:179,3
DA:180,3
DA:181,7
DA:182,0
DA:183,10
DA:184,10
DA:185,10
DA:186,10
DA:188,16
DA:189,16
DA:190,16
DA:192,16
DA:193,16
DA:194,16
DA:196,16
DA:197,16
DA:198,16
DA:199,16
DA:200,16
DA:203,16
DA:204,16
DA:205,16
DA:206,0
DA:207,16
DA:208,16
DA:209,16
DA:210,16
DA:211,16
DA:212,16
DA:213,16
DA:214,0
DA:215,0
DA:216,0
DA:218,16
DA:219,16
DA:220,3
DA:221,3
DA:222,3
DA:223,3
DA:224,3
DA:225,3
DA:226,3
DA:227,3
DA:229,16
DA:230,16
DA:231,16
DA:234,16
DA:235,16
DA:236,3
DA:237,3
DA:238,3
DA:239,3
DA:240,3
DA:241,3
DA:242,3
DA:243,3
DA:245,3
DA:246,6
DA:247,3
DA:248,3
DA:249,3
DA:250,3
DA:252,16
DA:253,3
DA:254,3
DA:255,3
DA:256,3
DA:257,3
DA:258,3
DA:259,3
DA:260,3
DA:261,3
DA:262,3
DA:263,3
DA:265,3
DA:266,3
DA:267,3
DA:268,3
DA:269,3
DA:270,3
DA:271,3
DA:272,3
DA:273,3
DA:274,3
DA:275,3
DA:276,3
DA:277,3
DA:278,3
DA:279,3
DA:280,3
DA:281,3
DA:282,3
DA:283,3
DA:284,3
DA:285,3
DA:286,3
DA:287,3
DA:288,3
DA:289,3
DA:290,3
DA:291,3
DA:292,3
DA:293,3
DA:294,3
DA:295,3
DA:296,3
DA:297,3
DA:298,3
DA:299,3
DA:300,3
DA:301,3
DA:302,3
DA:303,3
DA:304,3
DA:305,3
DA:306,3
DA:307,3
DA:308,3
DA:309,3
DA:310,3
DA:311,3
DA:312,4
DA:313,4
DA:314,4
DA:315,4
DA:316,4
DA:317,4
DA:318,4
DA:319,4
DA:320,4
DA:321,4
DA:322,4
DA:323,4
DA:324,4
DA:325,4
DA:326,4
DA:327,4
DA:328,4
DA:329,4
DA:330,4
DA:331,4
DA:332,4
DA:333,4
DA:334,4
DA:335,0
DA:336,0
DA:337,0
DA:339,4
DA:341,4
DA:342,4
DA:343,4
DA:344,0
DA:345,0
DA:346,0
DA:348,4
DA:350,4
DA:351,4
DA:352,4
DA:353,0
DA:354,0
DA:355,0
DA:357,4
DA:359,4
DA:360,4
DA:361,3
DA:362,3
DA:363,3
DA:364,3
DA:366,13
DA:367,13
DA:368,13
DA:369,13
DA:371,16
DA:372,16
DA:373,16
DA:375,16
DA:377,1
LF:299
LH:252
BRDA:30,0,0,16
BRDA:205,1,0,0
BRDA:213,2,0,0
BRDA:219,3,0,3
BRDA:222,4,0,0
BRDA:235,5,0,3
BRDA:252,6,0,3
BRDA:261,7,0,0
BRDA:270,8,0,0
BRDA:276,9,0,0
BRDA:282,10,0,0
BRDA:288,11,0,0
BRDA:294,12,0,0
BRDA:300,13,0,0
BRDA:306,14,0,0
BRDA:364,15,0,13
BRDA:38,16,0,11
BRDA:39,17,0,0
BRDA:41,18,0,10
BRDA:42,19,0,10
BRDA:44,20,0,4
BRDA:50,21,0,4
BRDA:55,22,0,0
BRDA:56,23,0,0
BRDA:57,24,0,0
BRDA:60,25,0,4
BRDA:68,26,0,3
BRDA:69,27,0,4
BRDA:81,28,0,3
BRDA:83,29,0,0
BRDA:86,30,0,1
BRDA:87,31,0,0
BRDA:88,32,0,0
BRDA:91,33,0,0
BRDA:92,34,0,0
BRDA:95,35,0,0
BRDA:100,36,0,10
BRDA:106,37,0,0
BRDA:118,38,0,7
BRDA:122,39,0,3
BRDA:131,40,0,0
BRDA:135,41,0,3
BRDA:142,42,0,7
BRDA:142,43,0,3
BRDA:181,44,0,0
BRDA:183,45,0,3
BRDA:114,46,0,4
BRDA:115,47,0,4
BRDA:151,48,0,4
BRDA:154,49,0,0
BRDA:154,50,0,0
BRDA:154,51,0,0
BRDA:177,52,0,4
BRDA:245,53,0,6
BRDA:311,54,0,4
BRDA:317,55,0,0
BRDA:320,56,0,0
BRDA:324,57,0,0
BRDA:334,58,0,0
BRDA:343,59,0,0
BRDA:352,60,0,0
BRF:61
BRH:28
end_of_record
TN:
SF:src/utils/portfolioUtils.ts
FN:38,aggregateAssets
FN:77,calculatePortfolioValue
FN:85,calculateCurrentPortfolioValue
FN:98,calculatePortfolioProfitLoss
FN:112,updateAssetsWithPrices
FN:141,filterAssetsByType
FN:152,getUniqueAssetTypes
FN:166,sortAssets
FN:196,formatCurrency
FN:208,formatPercentage
FNF:10
FNH:10
FNDA:4,aggregateAssets
FNDA:3,calculatePortfolioValue
FNDA:3,calculateCurrentPortfolioValue
FNDA:4,calculatePortfolioProfitLoss
FNDA:3,updateAssetsWithPrices
FNDA:3,filterAssetsByType
FNDA:2,getUniqueAssetTypes
FNDA:5,sortAssets
FNDA:3,formatCurrency
FNDA:3,formatPercentage
DA:38,1
DA:39,4
DA:41,4
DA:42,5
DA:44,5
DA:45,1
DA:46,1
DA:47,1
DA:48,1
DA:49,1
DA:51,1
DA:52,1
DA:53,1
DA:54,1
DA:55,1
DA:56,1
DA:57,5
DA:58,4
DA:59,4
DA:60,4
DA:61,4
DA:62,4
DA:63,4
DA:64,4
DA:65,4
DA:66,4
DA:67,4
DA:68,5
DA:70,4
DA:71,4
DA:77,1
DA:78,3
DA:79,3
DA:85,1
DA:86,3
DA:87,5
DA:88,3
DA:89,3
DA:90,2
DA:91,3
DA:92,3
DA:98,1
DA:99,4
DA:100,4
DA:101,4
DA:102,4
DA:103,4
DA:105,4
DA:106,4
DA:112,1
DA:113,3
DA:114,3
DA:115,3
DA:116,3
DA:117,3
DA:119,3
DA:120,1
DA:121,1
DA:122,1
DA:124,1
DA:125,1
DA:126,1
DA:127,1
DA:128,1
DA:129,1
DA:130,1
DA:131,1
DA:133,2
DA:134,3
DA:135,3
DA:141,1
DA:142,3
DA:143,2
DA:144,2
DA:145,1
DA:146,1
DA:152,1
DA:153,2
DA:154,2
DA:155,3
DA:156,3
DA:157,3
DA:158,2
DA:159,2
DA:160,2
DA:166,1
DA:167,5
DA:168,5
DA:169,5
DA:170,5
DA:171,5
DA:172,5
DA:173,5
DA:175,5
DA:176,0
DA:177,0
DA:179,5
DA:180,3
DA:181,2
DA:182,1
DA:183,3
DA:185,5
DA:186,2
DA:187,2
DA:189,0
DA:190,5
DA:191,5
DA:196,1
DA:197,3
DA:198,3
DA:199,3
DA:200,3
DA:201,3
DA:202,3
DA:203,3
DA:208,1
DA:209,3
DA:210,3
DA:211,3
LF:119
LH:116
BRDA:38,0,0,4
BRDA:41,1,0,5
BRDA:42,2,0,0
BRDA:44,3,0,1
BRDA:57,4,0,4
BRDA:77,5,0,3
BRDA:78,6,0,3
BRDA:85,7,0,3
BRDA:86,8,0,5
BRDA:87,9,0,3
BRDA:87,10,0,3
BRDA:89,11,0,2
BRDA:98,12,0,4
BRDA:103,13,0,3
BRDA:103,14,0,1
BRDA:112,15,0,3
BRDA:116,16,0,3
BRDA:119,17,0,1
BRDA:119,18,0,1
BRDA:131,19,0,2
BRDA:141,20,0,3
BRDA:142,21,0,2
BRDA:142,22,0,2
BRDA:144,23,0,1
BRDA:145,24,0,2
BRDA:152,25,0,2
BRDA:154,26,0,3
BRDA:166,27,0,5
BRDA:171,28,0,5
BRDA:175,29,0,0
BRDA:179,30,0,3
BRDA:179,31,0,3
BRDA:180,32,0,2
BRDA:181,33,0,1
BRDA:183,34,0,2
BRDA:185,35,0,2
BRDA:186,36,0,1
BRDA:186,37,0,1
BRDA:187,38,0,0
BRDA:196,39,0,3
BRDA:208,40,0,3
BRDA:209,41,0,2
BRDA:209,42,0,1
BRF:43
BRH:40
end_of_record
